Log file open, 01/14/19 11:37:15
LogWindows: Failed to load 'aqProf.dll' (GetLastError=126)
LogWindows: File 'aqProf.dll' does not exist
LogWindows: Failed to load 'VtuneApi.dll' (GetLastError=126)
LogWindows: File 'VtuneApi.dll' does not exist
LogWindows: Failed to load 'VtuneApi32e.dll' (GetLastError=126)
LogWindows: File 'VtuneApi32e.dll' does not exist
LogConsoleResponse: Display: Failed to find resolution value strings in scalability ini. Falling back to default.
LogInit: Display: Running engine for game: BountyDash
LogPakFile: Registered encryption key '00000000000000000000000000000000': 0 pak files mounted, 0 remain pending
LogPlatformFile: Not using cached read wrapper
LogTaskGraph: Started task graph with 5 named threads and 20 total threads with 3 sets of task threads.
LogStats: Stats thread started at 0.293282
LogD3D11RHI: Loaded GFSDK_Aftermath_Lib.x64.dll
LogICUInternationalization: ICU TimeZone Detection - Raw Offset: +9:00, Platform Override: ''
LogPluginManager: Mounting plugin Paper2D
LogPluginManager: Mounting plugin AISupport
LogPluginManager: Mounting plugin LightPropagationVolume
LogPluginManager: Mounting plugin ActorLayerUtilities
LogPluginManager: Mounting plugin CLionSourceCodeAccess
LogPluginManager: Mounting plugin CodeLiteSourceCodeAccess
LogPluginManager: Mounting plugin GitSourceControl
LogPluginManager: Mounting plugin KDevelopSourceCodeAccess
LogPluginManager: Mounting plugin NullSourceCodeAccess
LogPluginManager: Mounting plugin PerforceSourceControl
LogPluginManager: Mounting plugin SubversionSourceControl
LogPluginManager: Mounting plugin UObjectPlugin
LogPluginManager: Mounting plugin VisualStudioCodeSourceCodeAccess
LogPluginManager: Mounting plugin VisualStudioSourceCodeAccess
LogPluginManager: Mounting plugin XCodeSourceCodeAccess
LogPluginManager: Mounting plugin AssetManagerEditor
LogPluginManager: Mounting plugin CryptoKeys
LogPluginManager: Mounting plugin DataValidation
LogPluginManager: Mounting plugin FacialAnimation
LogPluginManager: Mounting plugin GameplayTagsEditor
LogPluginManager: Mounting plugin MacGraphicsSwitching
LogPluginManager: Mounting plugin MeshEditor
LogPluginManager: Mounting plugin MobileLauncherProfileWizard
LogPluginManager: Mounting plugin PluginBrowser
LogPluginManager: Mounting plugin SpeedTreeImporter
LogPluginManager: Mounting plugin DatasmithContent
LogPluginManager: Mounting plugin VariantManagerContent
LogPluginManager: Mounting plugin AlembicImporter
LogPluginManager: Mounting plugin AppleImageUtils
LogPluginManager: Mounting plugin AppleVision
LogPluginManager: Mounting plugin BackChannel
LogPluginManager: Mounting plugin CharacterAI
LogPluginManager: Mounting plugin GeometryCache
LogPluginManager: Mounting plugin HTML5Networking
LogPluginManager: Mounting plugin ProxyLODPlugin
LogPluginManager: Mounting plugin MagicLeap
LogPluginManager: Mounting plugin MagicLeapMedia
LogPluginManager: Mounting plugin AndroidMedia
LogPluginManager: Mounting plugin AvfMedia
LogPluginManager: Mounting plugin ImgMedia
LogPluginManager: Mounting plugin LinearTimecode
LogPluginManager: Mounting plugin MediaCompositing
LogPluginManager: Mounting plugin MediaPlayerEditor
LogPluginManager: Mounting plugin WebMMedia
LogPluginManager: Mounting plugin WmfMedia
LogPluginManager: Mounting plugin TcpMessaging
LogPluginManager: Mounting plugin UdpMessaging
LogPluginManager: Mounting plugin ActorSequence
LogPluginManager: Mounting plugin LevelSequenceEditor
LogPluginManager: Mounting plugin MatineeToLevelSequence
LogPluginManager: Mounting plugin NetcodeUnitTest
LogPluginManager: Mounting plugin NUTUnrealEngine4
LogPluginManager: Mounting plugin OnlineSubsystemGooglePlay
LogPluginManager: Mounting plugin OnlineSubsystemIOS
LogPluginManager: Mounting plugin OnlineSubsystem
LogPluginManager: Mounting plugin OnlineSubsystemNull
LogPluginManager: Mounting plugin OnlineSubsystemUtils
LogPluginManager: Mounting plugin LauncherChunkInstaller
LogPluginManager: Mounting plugin AndroidDeviceProfileSelector
LogPluginManager: Mounting plugin AndroidMoviePlayer
LogPluginManager: Mounting plugin AndroidPermission
LogPluginManager: Mounting plugin AppleMoviePlayer
LogPluginManager: Mounting plugin ArchVisCharacter
LogPluginManager: Mounting plugin AudioCapture
LogPluginManager: Mounting plugin CableComponent
LogPluginManager: Mounting plugin CustomMeshComponent
LogPluginManager: Mounting plugin EditableMesh
LogPluginManager: Mounting plugin ExampleDeviceProfileSelector
LogPluginManager: Mounting plugin Firebase
LogPluginManager: Mounting plugin GoogleCloudMessaging
LogPluginManager: Mounting plugin IOSDeviceProfileSelector
LogPluginManager: Mounting plugin LinuxDeviceProfileSelector
LogPluginManager: Mounting plugin LocationServicesBPLibrary
LogPluginManager: Mounting plugin MobilePatchingUtils
LogPluginManager: Mounting plugin OculusVR
LogPluginManager: Mounting plugin PhysXVehicles
LogPluginManager: Mounting plugin ProceduralMeshComponent
LogPluginManager: Mounting plugin RuntimePhysXCooking
LogPluginManager: Mounting plugin SteamVR
LogPluginManager: Mounting plugin WebMMoviePlayer
LogPluginManager: Mounting plugin WindowsMoviePlayer
LogStreaming: Display: Took  0.093s to configure plugins.
LogInit: Using libcurl 7.55.1-DEV
LogInit:  - built for x86_64-pc-win32
LogInit:  - supports SSL with OpenSSL/1.0.2h
LogInit:  - supports HTTP deflate (compression) using libz 1.2.8
LogInit:  - other features:
LogInit:      CURL_VERSION_SSL
LogInit:      CURL_VERSION_LIBZ
LogInit:      CURL_VERSION_IPV6
LogInit:      CURL_VERSION_ASYNCHDNS
LogInit:      CURL_VERSION_LARGEFILE
LogInit:      CURL_VERSION_IDN
LogInit:  CurlRequestOptions (configurable via config and command line):
LogInit:  - bVerifyPeer = true  - Libcurl will verify peer certificate
LogInit:  - bUseHttpProxy = false  - Libcurl will NOT use HTTP proxy
LogInit:  - bDontReuseConnections = false  - Libcurl will reuse connections
LogInit:  - MaxHostConnections = 16  - Libcurl will limit the number of connections to a host
LogInit:  - LocalHostAddr = Default
LogInit:  - BufferSize = 65536
LogInit: WinSock: version 1.1 (2.2), MaxSocks=32767, MaxUdp=65467
LogInit: Build: ++UE4+Release-4.21-CL-4613538
LogInit: Engine Version: 4.21.1-4613538+++UE4+Release-4.21
LogInit: Compatible Engine Version: 4.21.0-4541578+++UE4+Release-4.21
LogInit: Net CL: 4541578
LogInit: OS: Windows 10 (), CPU: Intel(R) Core(TM) i5-8500 CPU @ 3.00GHz, GPU: NVIDIA GeForce GTX 1050
LogInit: Compiled (64-bit): Nov 30 2018 04:13:25
LogInit: Compiled with Visual C++: 19.13.26129.00
LogInit: Build Configuration: Development
LogInit: Branch Name: ++UE4+Release-4.21
LogInit: Command Line:  -skipcompile
LogInit: Base Directory: D:/Program Files/Epic Games/UE_4.21/Engine/Binaries/Win64/
LogInit: Installed Engine Build: 1
LogDevObjectVersion: Number of dev versions registered: 22
LogDevObjectVersion:   Dev-Blueprints (B0D832E4-1F89-4F0D-ACCF-7EB736FD4AA2): 10
LogDevObjectVersion:   Dev-Build (E1C64328-A22C-4D53-A36C-8E866417BD8C): 0
LogDevObjectVersion:   Dev-Core (375EC13C-06E4-48FB-B500-84F0262A717E): 2
LogDevObjectVersion:   Dev-Editor (E4B068ED-F494-42E9-A231-DA0B2E46BB41): 26
LogDevObjectVersion:   Dev-Framework (CFFC743F-43B0-4480-9391-14DF171D2073): 34
LogDevObjectVersion:   Dev-Mobile (B02B49B5-BB20-44E9-A304-32B752E40360): 2
LogDevObjectVersion:   Dev-Networking (A4E4105C-59A1-49B5-A7C5-40C4547EDFEE): 0
LogDevObjectVersion:   Dev-Online (39C831C9-5AE6-47DC-9A44-9C173E1C8E7C): 0
LogDevObjectVersion:   Dev-Physics (78F01B33-EBEA-4F98-B9B4-84EACCB95AA2): 0
LogDevObjectVersion:   Dev-Platform (6631380F-2D4D-43E0-8009-CF276956A95A): 0
LogDevObjectVersion:   Dev-Rendering (12F88B9F-8875-4AFC-A67C-D90C383ABD29): 27
LogDevObjectVersion:   Dev-Sequencer (7B5AE74C-D270-4C10-A958-57980B212A5A): 9
LogDevObjectVersion:   Dev-VR (D7296918-1DD6-4BDD-9DE2-64A83CC13884): 2
LogDevObjectVersion:   Dev-LoadTimes (C2A15278-BFE7-4AFE-6C17-90FF531DF755): 1
LogDevObjectVersion:   Private-Geometry (6EACA3D4-40EC-4CC1-B786-8BED09428FC5): 3
LogDevObjectVersion:   Dev-AnimPhys (29E575DD-E0A3-4627-9D10-D276232CDCEA): 17
LogDevObjectVersion:   Dev-Anim (AF43A65D-7FD3-4947-9873-3E8ED9C1BB05): 2
LogDevObjectVersion:   Dev-ReflectionCapture (6B266CEC-1EC7-4B8F-A30B-E4D90942FC07): 1
LogDevObjectVersion:   Dev-Automation (0DF73D61-A23F-47EA-B727-89E90C41499A): 1
LogDevObjectVersion:   FortniteMain (601D1886-AC64-4F84-AA16-D3DE0DEAC7D6): 17
LogDevObjectVersion:   Dev-Enterprise (9DFFBCD6-494F-0158-E221-12823C92A888): 4
LogDevObjectVersion:   Dev-Niagara (F2AED0AC-9AFE-416F-8664-AA7FFA26D6FC): 1
LogStreaming: Display: Took  0.001s to delete old logs.
LogInit: Presizing for max 8388607 objects, including 0 objects not considered by GC, pre-allocating 0 bytes for permanent pool.
LogInit: Object subsystem initialized
LogConfig: Setting CVar [[con.DebugEarlyDefault:1]]
LogConfig: Setting CVar [[r.setres:1280x720]]
[2019.01.14-02.37.16:085][  0]LogConfig: Setting CVar [[r.VSync:0]]
[2019.01.14-02.37.16:085][  0]LogConfig: Setting CVar [[r.RHICmdBypass:0]]
[2019.01.14-02.37.16:085][  0]LogConfig: Applying CVar settings from Section [/Script/Engine.RendererSettings] File [C:/Users/user/Documents/Unreal Projects/BountyDash/Saved/Config/Windows/Engine.ini]
[2019.01.14-02.37.16:085][  0]LogConfig: Setting CVar [[r.GPUCrashDebugging:0]]
[2019.01.14-02.37.16:085][  0]LogConfig: Applying CVar settings from Section [/Script/Engine.RendererOverrideSettings] File [C:/Users/user/Documents/Unreal Projects/BountyDash/Saved/Config/Windows/Engine.ini]
[2019.01.14-02.37.16:085][  0]LogConfig: Applying CVar settings from Section [/Script/Engine.StreamingSettings] File [C:/Users/user/Documents/Unreal Projects/BountyDash/Saved/Config/Windows/Engine.ini]
[2019.01.14-02.37.16:086][  0]LogConfig: Setting CVar [[s.MinBulkDataSizeForAsyncLoading:131072]]
[2019.01.14-02.37.16:086][  0]LogConfig: Setting CVar [[s.AsyncLoadingThreadEnabled:0]]
[2019.01.14-02.37.16:086][  0]LogConfig: Setting CVar [[s.EventDrivenLoaderEnabled:1]]
[2019.01.14-02.37.16:086][  0]LogConfig: Setting CVar [[s.WarnIfTimeLimitExceeded:0]]
[2019.01.14-02.37.16:086][  0]LogConfig: Setting CVar [[s.TimeLimitExceededMultiplier:1.5]]
[2019.01.14-02.37.16:086][  0]LogConfig: Setting CVar [[s.TimeLimitExceededMinTime:0.005]]
[2019.01.14-02.37.16:086][  0]LogConfig: Setting CVar [[s.UseBackgroundLevelStreaming:1]]
[2019.01.14-02.37.16:086][  0]LogConfig: Setting CVar [[s.PriorityAsyncLoadingExtraTime:15.0]]
[2019.01.14-02.37.16:086][  0]LogConfig: Setting CVar [[s.LevelStreamingActorsUpdateTimeLimit:5.0]]
[2019.01.14-02.37.16:086][  0]LogConfig: Setting CVar [[s.PriorityLevelStreamingActorsUpdateExtraTime:5.0]]
[2019.01.14-02.37.16:086][  0]LogConfig: Setting CVar [[s.LevelStreamingComponentsRegistrationGranularity:10]]
[2019.01.14-02.37.16:086][  0]LogConfig: Setting CVar [[s.UnregisterComponentsTimeLimit:1.0]]
[2019.01.14-02.37.16:086][  0]LogConfig: Setting CVar [[s.LevelStreamingComponentsUnregistrationGranularity:5]]
[2019.01.14-02.37.16:086][  0]LogConfig: Applying CVar settings from Section [/Script/Engine.GarbageCollectionSettings] File [C:/Users/user/Documents/Unreal Projects/BountyDash/Saved/Config/Windows/Engine.ini]
[2019.01.14-02.37.16:086][  0]LogConfig: Setting CVar [[gc.MaxObjectsNotConsideredByGC:1]]
[2019.01.14-02.37.16:086][  0]LogConfig: Setting CVar [[gc.SizeOfPermanentObjectPool:0]]
[2019.01.14-02.37.16:086][  0]LogConfig: Setting CVar [[gc.FlushStreamingOnGC:0]]
[2019.01.14-02.37.16:086][  0]LogConfig: Setting CVar [[gc.NumRetriesBeforeForcingGC:10]]
[2019.01.14-02.37.16:086][  0]LogConfig: Setting CVar [[gc.AllowParallelGC:1]]
[2019.01.14-02.37.16:086][  0]LogConfig: Setting CVar [[gc.TimeBetweenPurgingPendingKillObjects:61.1]]
[2019.01.14-02.37.16:086][  0]LogConfig: Setting CVar [[gc.MaxObjectsInEditor:8388607]]
[2019.01.14-02.37.16:086][  0]LogConfig: Setting CVar [[gc.IncrementalBeginDestroyEnabled:1]]
[2019.01.14-02.37.16:086][  0]LogConfig: Setting CVar [[gc.CreateGCClusters:1]]
[2019.01.14-02.37.16:086][  0]LogConfig: Setting CVar [[gc.MergeGCClusters:0]]
[2019.01.14-02.37.16:086][  0]LogConfig: Setting CVar [[gc.MinGCClusterSize:5]]
[2019.01.14-02.37.16:086][  0]LogConfig: Setting CVar [[gc.ActorClusteringEnabled:0]]
[2019.01.14-02.37.16:086][  0]LogConfig: Setting CVar [[gc.BlueprintClusteringEnabled:0]]
[2019.01.14-02.37.16:086][  0]LogConfig: Setting CVar [[gc.UseDisregardForGCOnDedicatedServers:0]]
[2019.01.14-02.37.16:086][  0]LogConfig: Applying CVar settings from Section [/Script/Engine.NetworkSettings] File [C:/Users/user/Documents/Unreal Projects/BountyDash/Saved/Config/Windows/Engine.ini]
[2019.01.14-02.37.16:087][  0]LogConfig: Applying CVar settings from Section [/Script/UnrealEd.CookerSettings] File [C:/Users/user/Documents/Unreal Projects/BountyDash/Saved/Config/Windows/Engine.ini]
[2019.01.14-02.37.16:097][  0]LogConfig: Applying CVar settings from Section [ViewDistanceQuality@3] File [C:/Users/user/Documents/Unreal Projects/BountyDash/Saved/Config/Windows/Scalability.ini]
[2019.01.14-02.37.16:097][  0]LogConfig: Setting CVar [[r.SkeletalMeshLODBias:0]]
[2019.01.14-02.37.16:097][  0]LogConfig: Setting CVar [[r.ViewDistanceScale:1.0]]
[2019.01.14-02.37.16:097][  0]LogConfig: Applying CVar settings from Section [AntiAliasingQuality@3] File [C:/Users/user/Documents/Unreal Projects/BountyDash/Saved/Config/Windows/Scalability.ini]
[2019.01.14-02.37.16:097][  0]LogConfig: Setting CVar [[r.PostProcessAAQuality:4]]
[2019.01.14-02.37.16:097][  0]LogConfig: Applying CVar settings from Section [ShadowQuality@3] File [C:/Users/user/Documents/Unreal Projects/BountyDash/Saved/Config/Windows/Scalability.ini]
[2019.01.14-02.37.16:097][  0]LogConfig: Setting CVar [[r.LightFunctionQuality:1]]
[2019.01.14-02.37.16:097][  0]LogConfig: Setting CVar [[r.ShadowQuality:5]]
[2019.01.14-02.37.16:097][  0]LogConfig: Setting CVar [[r.Shadow.CSM.MaxCascades:10]]
[2019.01.14-02.37.16:097][  0]LogConfig: Setting CVar [[r.Shadow.MaxResolution:2048]]
[2019.01.14-02.37.16:097][  0]LogConfig: Setting CVar [[r.Shadow.MaxCSMResolution:2048]]
[2019.01.14-02.37.16:098][  0]LogConfig: Setting CVar [[r.Shadow.RadiusThreshold:0.01]]
[2019.01.14-02.37.16:098][  0]LogConfig: Setting CVar [[r.Shadow.DistanceScale:1.0]]
[2019.01.14-02.37.16:098][  0]LogConfig: Setting CVar [[r.Shadow.CSM.TransitionScale:1.0]]
[2019.01.14-02.37.16:098][  0]LogConfig: Setting CVar [[r.Shadow.PreShadowResolutionFactor:1.0]]
[2019.01.14-02.37.16:098][  0]LogConfig: Setting CVar [[r.DistanceFieldShadowing:1]]
[2019.01.14-02.37.16:098][  0]LogConfig: Setting CVar [[r.DistanceFieldAO:1]]
[2019.01.14-02.37.16:098][  0]LogConfig: Setting CVar [[r.AOQuality:2]]
[2019.01.14-02.37.16:098][  0]LogConfig: Setting CVar [[r.VolumetricFog:1]]
[2019.01.14-02.37.16:098][  0]LogConfig: Setting CVar [[r.VolumetricFog.GridPixelSize:8]]
[2019.01.14-02.37.16:098][  0]LogConfig: Setting CVar [[r.VolumetricFog.GridSizeZ:128]]
[2019.01.14-02.37.16:098][  0]LogConfig: Setting CVar [[r.VolumetricFog.HistoryMissSupersampleCount:4]]
[2019.01.14-02.37.16:098][  0]LogConfig: Setting CVar [[r.LightMaxDrawDistanceScale:1]]
[2019.01.14-02.37.16:098][  0]LogConfig: Setting CVar [[r.CapsuleShadows:1]]
[2019.01.14-02.37.16:098][  0]LogConfig: Applying CVar settings from Section [PostProcessQuality@3] File [C:/Users/user/Documents/Unreal Projects/BountyDash/Saved/Config/Windows/Scalability.ini]
[2019.01.14-02.37.16:098][  0]LogConfig: Setting CVar [[r.MotionBlurQuality:4]]
[2019.01.14-02.37.16:098][  0]LogConfig: Setting CVar [[r.AmbientOcclusionMipLevelFactor:0.4]]
[2019.01.14-02.37.16:098][  0]LogConfig: Setting CVar [[r.AmbientOcclusionMaxQuality:100]]
[2019.01.14-02.37.16:098][  0]LogConfig: Setting CVar [[r.AmbientOcclusionLevels:-1]]
[2019.01.14-02.37.16:098][  0]LogConfig: Setting CVar [[r.AmbientOcclusionRadiusScale:1.0]]
[2019.01.14-02.37.16:098][  0]LogConfig: Setting CVar [[r.DepthOfFieldQuality:2]]
[2019.01.14-02.37.16:098][  0]LogConfig: Setting CVar [[r.RenderTargetPoolMin:400]]
[2019.01.14-02.37.16:098][  0]LogConfig: Setting CVar [[r.LensFlareQuality:2]]
[2019.01.14-02.37.16:098][  0]LogConfig: Setting CVar [[r.SceneColorFringeQuality:1]]
[2019.01.14-02.37.16:098][  0]LogConfig: Setting CVar [[r.EyeAdaptationQuality:2]]
[2019.01.14-02.37.16:098][  0]LogConfig: Setting CVar [[r.BloomQuality:5]]
[2019.01.14-02.37.16:098][  0]LogConfig: Setting CVar [[r.FastBlurThreshold:100]]
[2019.01.14-02.37.16:099][  0]LogConfig: Setting CVar [[r.Upscale.Quality:3]]
[2019.01.14-02.37.16:099][  0]LogConfig: Setting CVar [[r.Tonemapper.GrainQuantization:1]]
[2019.01.14-02.37.16:099][  0]LogConfig: Setting CVar [[r.LightShaftQuality:1]]
[2019.01.14-02.37.16:099][  0]LogConfig: Setting CVar [[r.Filter.SizeScale:1]]
[2019.01.14-02.37.16:099][  0]LogConfig: Setting CVar [[r.Tonemapper.Quality:5]]
[2019.01.14-02.37.16:099][  0]LogConfig: Setting CVar [[r.DOF.Gather.AccumulatorQuality:1        ; higher gathering accumulator quality]]
[2019.01.14-02.37.16:099][  0]LogConfig: Setting CVar [[r.DOF.Gather.PostfilterMethod:1          ; Median3x3 postfilering method]]
[2019.01.14-02.37.16:100][  0]LogConfig: Setting CVar [[r.DOF.Gather.EnableBokehSettings:0       ; no bokeh simulation when gathering]]
[2019.01.14-02.37.16:100][  0]LogConfig: Setting CVar [[r.DOF.Gather.RingCount:4                 ; medium number of samples when gathering]]
[2019.01.14-02.37.16:100][  0]LogConfig: Setting CVar [[r.DOF.Scatter.ForegroundCompositing:1    ; additive foreground scattering]]
[2019.01.14-02.37.16:100][  0]LogConfig: Setting CVar [[r.DOF.Scatter.BackgroundCompositing:2    ; additive background scattering]]
[2019.01.14-02.37.16:100][  0]LogConfig: Setting CVar [[r.DOF.Scatter.EnableBokehSettings:1      ; bokeh simulation when scattering]]
[2019.01.14-02.37.16:100][  0]LogConfig: Setting CVar [[r.DOF.Scatter.MaxSpriteRatio:0.1         ; only a maximum of 10% of scattered bokeh]]
[2019.01.14-02.37.16:100][  0]LogConfig: Setting CVar [[r.DOF.Recombine.Quality:1                ; cheap slight out of focus]]
[2019.01.14-02.37.16:100][  0]LogConfig: Setting CVar [[r.DOF.Recombine.EnableBokehSettings:0    ; no bokeh simulation on slight out of focus]]
[2019.01.14-02.37.16:100][  0]LogConfig: Setting CVar [[r.DOF.TemporalAAQuality:1                ; more stable temporal accumulation]]
[2019.01.14-02.37.16:100][  0]LogConfig: Setting CVar [[r.DOF.Kernel.MaxForegroundRadius:0.025]]
[2019.01.14-02.37.16:100][  0]LogConfig: Setting CVar [[r.DOF.Kernel.MaxBackgroundRadius:0.025]]
[2019.01.14-02.37.16:100][  0]LogConfig: Applying CVar settings from Section [TextureQuality@3] File [C:/Users/user/Documents/Unreal Projects/BountyDash/Saved/Config/Windows/Scalability.ini]
[2019.01.14-02.37.16:100][  0]LogConfig: Setting CVar [[r.Streaming.MipBias:0]]
[2019.01.14-02.37.16:100][  0]LogConfig: Setting CVar [[r.Streaming.AmortizeCPUToGPUCopy:0]]
[2019.01.14-02.37.16:100][  0]LogConfig: Setting CVar [[r.Streaming.MaxNumTexturesToStreamPerFrame:0]]
[2019.01.14-02.37.16:100][  0]LogConfig: Setting CVar [[r.Streaming.Boost:1]]
[2019.01.14-02.37.16:100][  0]LogConfig: Setting CVar [[r.MaxAnisotropy:8]]
[2019.01.14-02.37.16:100][  0]LogConfig: Setting CVar [[r.Streaming.LimitPoolSizeToVRAM:0]]
[2019.01.14-02.37.16:100][  0]LogConfig: Setting CVar [[r.Streaming.PoolSize:1000]]
[2019.01.14-02.37.16:100][  0]LogConfig: Setting CVar [[r.Streaming.MaxEffectiveScreenSize:0]]
[2019.01.14-02.37.16:100][  0]LogConfig: Applying CVar settings from Section [EffectsQuality@3] File [C:/Users/user/Documents/Unreal Projects/BountyDash/Saved/Config/Windows/Scalability.ini]
[2019.01.14-02.37.16:100][  0]LogConfig: Setting CVar [[r.TranslucencyLightingVolumeDim:64]]
[2019.01.14-02.37.16:100][  0]LogConfig: Setting CVar [[r.RefractionQuality:2]]
[2019.01.14-02.37.16:100][  0]LogConfig: Setting CVar [[r.SSR.Quality:3]]
[2019.01.14-02.37.16:100][  0]LogConfig: Setting CVar [[r.SceneColorFormat:4]]
[2019.01.14-02.37.16:101][  0]LogConfig: Setting CVar [[r.DetailMode:2]]
[2019.01.14-02.37.16:101][  0]LogConfig: Setting CVar [[r.TranslucencyVolumeBlur:1]]
[2019.01.14-02.37.16:101][  0]LogConfig: Setting CVar [[r.MaterialQualityLevel:1 ; High quality]]
[2019.01.14-02.37.16:101][  0]LogConfig: Setting CVar [[r.SSS.Scale:1]]
[2019.01.14-02.37.16:101][  0]LogConfig: Setting CVar [[r.SSS.SampleSet:2]]
[2019.01.14-02.37.16:101][  0]LogConfig: Setting CVar [[r.SSS.Quality:1]]
[2019.01.14-02.37.16:101][  0]LogConfig: Setting CVar [[r.SSS.HalfRes:1]]
[2019.01.14-02.37.16:101][  0]LogConfig: Setting CVar [[r.EmitterSpawnRateScale:1.0]]
[2019.01.14-02.37.16:101][  0]LogConfig: Setting CVar [[r.ParticleLightQuality:2]]
[2019.01.14-02.37.16:101][  0]LogConfig: Applying CVar settings from Section [FoliageQuality@3] File [C:/Users/user/Documents/Unreal Projects/BountyDash/Saved/Config/Windows/Scalability.ini]
[2019.01.14-02.37.16:101][  0]LogConfig: Setting CVar [[foliage.DensityScale:1.0]]
[2019.01.14-02.37.16:101][  0]LogConfig: Setting CVar [[grass.DensityScale:1.0]]
[2019.01.14-02.37.16:101][  0]LogInit: Selected Device Profile: [Windows]
[2019.01.14-02.37.16:102][  0]LogInit: Applying CVar settings loaded from the selected device profile: [Windows]
[2019.01.14-02.37.16:113][  0]LogHAL: Display: Platform has ~ 16 GB [17096851456 / 17179869184 / 16], which maps to Larger [LargestMinGB=32, LargerMinGB=12, DefaultMinGB=8, SmallerMinGB=6, SmallestMinGB=0)
[2019.01.14-02.37.16:113][  0]LogConfig: Setting CVar [[r.Vulkan.UseRealUBs:1]]
[2019.01.14-02.37.16:113][  0]LogInit: Going up to parent DeviceProfile []
[2019.01.14-02.37.16:113][  0]LogConfig: Applying CVar settings from Section [ViewDistanceQuality@3] File [C:/Users/user/Documents/Unreal Projects/BountyDash/Saved/Config/Windows/Scalability.ini]
[2019.01.14-02.37.16:113][  0]LogConfig: Setting CVar [[r.SkeletalMeshLODBias:0]]
[2019.01.14-02.37.16:113][  0]LogConfig: Setting CVar [[r.ViewDistanceScale:1.0]]
[2019.01.14-02.37.16:113][  0]LogConfig: Applying CVar settings from Section [AntiAliasingQuality@3] File [C:/Users/user/Documents/Unreal Projects/BountyDash/Saved/Config/Windows/Scalability.ini]
[2019.01.14-02.37.16:113][  0]LogConfig: Setting CVar [[r.PostProcessAAQuality:4]]
[2019.01.14-02.37.16:113][  0]LogConfig: Applying CVar settings from Section [ShadowQuality@3] File [C:/Users/user/Documents/Unreal Projects/BountyDash/Saved/Config/Windows/Scalability.ini]
[2019.01.14-02.37.16:113][  0]LogConfig: Setting CVar [[r.LightFunctionQuality:1]]
[2019.01.14-02.37.16:113][  0]LogConfig: Setting CVar [[r.ShadowQuality:5]]
[2019.01.14-02.37.16:113][  0]LogConfig: Setting CVar [[r.Shadow.CSM.MaxCascades:10]]
[2019.01.14-02.37.16:113][  0]LogConfig: Setting CVar [[r.Shadow.MaxResolution:2048]]
[2019.01.14-02.37.16:113][  0]LogConfig: Setting CVar [[r.Shadow.MaxCSMResolution:2048]]
[2019.01.14-02.37.16:113][  0]LogConfig: Setting CVar [[r.Shadow.RadiusThreshold:0.01]]
[2019.01.14-02.37.16:114][  0]LogConfig: Setting CVar [[r.Shadow.DistanceScale:1.0]]
[2019.01.14-02.37.16:114][  0]LogConfig: Setting CVar [[r.Shadow.CSM.TransitionScale:1.0]]
[2019.01.14-02.37.16:114][  0]LogConfig: Setting CVar [[r.Shadow.PreShadowResolutionFactor:1.0]]
[2019.01.14-02.37.16:114][  0]LogConfig: Setting CVar [[r.DistanceFieldShadowing:1]]
[2019.01.14-02.37.16:114][  0]LogConfig: Setting CVar [[r.DistanceFieldAO:1]]
[2019.01.14-02.37.16:114][  0]LogConfig: Setting CVar [[r.AOQuality:2]]
[2019.01.14-02.37.16:114][  0]LogConfig: Setting CVar [[r.VolumetricFog:1]]
[2019.01.14-02.37.16:114][  0]LogConfig: Setting CVar [[r.VolumetricFog.GridPixelSize:8]]
[2019.01.14-02.37.16:114][  0]LogConfig: Setting CVar [[r.VolumetricFog.GridSizeZ:128]]
[2019.01.14-02.37.16:114][  0]LogConfig: Setting CVar [[r.VolumetricFog.HistoryMissSupersampleCount:4]]
[2019.01.14-02.37.16:115][  0]LogConfig: Setting CVar [[r.LightMaxDrawDistanceScale:1]]
[2019.01.14-02.37.16:115][  0]LogConfig: Setting CVar [[r.CapsuleShadows:1]]
[2019.01.14-02.37.16:115][  0]LogConfig: Applying CVar settings from Section [PostProcessQuality@3] File [C:/Users/user/Documents/Unreal Projects/BountyDash/Saved/Config/Windows/Scalability.ini]
[2019.01.14-02.37.16:115][  0]LogConfig: Setting CVar [[r.MotionBlurQuality:4]]
[2019.01.14-02.37.16:115][  0]LogConfig: Setting CVar [[r.AmbientOcclusionMipLevelFactor:0.4]]
[2019.01.14-02.37.16:115][  0]LogConfig: Setting CVar [[r.AmbientOcclusionMaxQuality:100]]
[2019.01.14-02.37.16:115][  0]LogConfig: Setting CVar [[r.AmbientOcclusionLevels:-1]]
[2019.01.14-02.37.16:115][  0]LogConfig: Setting CVar [[r.AmbientOcclusionRadiusScale:1.0]]
[2019.01.14-02.37.16:115][  0]LogConfig: Setting CVar [[r.DepthOfFieldQuality:2]]
[2019.01.14-02.37.16:115][  0]LogConfig: Setting CVar [[r.RenderTargetPoolMin:400]]
[2019.01.14-02.37.16:115][  0]LogConfig: Setting CVar [[r.LensFlareQuality:2]]
[2019.01.14-02.37.16:115][  0]LogConfig: Setting CVar [[r.SceneColorFringeQuality:1]]
[2019.01.14-02.37.16:115][  0]LogConfig: Setting CVar [[r.EyeAdaptationQuality:2]]
[2019.01.14-02.37.16:115][  0]LogConfig: Setting CVar [[r.BloomQuality:5]]
[2019.01.14-02.37.16:115][  0]LogConfig: Setting CVar [[r.FastBlurThreshold:100]]
[2019.01.14-02.37.16:115][  0]LogConfig: Setting CVar [[r.Upscale.Quality:3]]
[2019.01.14-02.37.16:115][  0]LogConfig: Setting CVar [[r.Tonemapper.GrainQuantization:1]]
[2019.01.14-02.37.16:115][  0]LogConfig: Setting CVar [[r.LightShaftQuality:1]]
[2019.01.14-02.37.16:115][  0]LogConfig: Setting CVar [[r.Filter.SizeScale:1]]
[2019.01.14-02.37.16:115][  0]LogConfig: Setting CVar [[r.Tonemapper.Quality:5]]
[2019.01.14-02.37.16:115][  0]LogConfig: Setting CVar [[r.DOF.Gather.AccumulatorQuality:1        ; higher gathering accumulator quality]]
[2019.01.14-02.37.16:115][  0]LogConfig: Setting CVar [[r.DOF.Gather.PostfilterMethod:1          ; Median3x3 postfilering method]]
[2019.01.14-02.37.16:115][  0]LogConfig: Setting CVar [[r.DOF.Gather.EnableBokehSettings:0       ; no bokeh simulation when gathering]]
[2019.01.14-02.37.16:116][  0]LogConfig: Setting CVar [[r.DOF.Gather.RingCount:4                 ; medium number of samples when gathering]]
[2019.01.14-02.37.16:116][  0]LogConfig: Setting CVar [[r.DOF.Scatter.ForegroundCompositing:1    ; additive foreground scattering]]
[2019.01.14-02.37.16:116][  0]LogConfig: Setting CVar [[r.DOF.Scatter.BackgroundCompositing:2    ; additive background scattering]]
[2019.01.14-02.37.16:116][  0]LogConfig: Setting CVar [[r.DOF.Scatter.EnableBokehSettings:1      ; bokeh simulation when scattering]]
[2019.01.14-02.37.16:116][  0]LogConfig: Setting CVar [[r.DOF.Scatter.MaxSpriteRatio:0.1         ; only a maximum of 10% of scattered bokeh]]
[2019.01.14-02.37.16:116][  0]LogConfig: Setting CVar [[r.DOF.Recombine.Quality:1                ; cheap slight out of focus]]
[2019.01.14-02.37.16:116][  0]LogConfig: Setting CVar [[r.DOF.Recombine.EnableBokehSettings:0    ; no bokeh simulation on slight out of focus]]
[2019.01.14-02.37.16:116][  0]LogConfig: Setting CVar [[r.DOF.TemporalAAQuality:1                ; more stable temporal accumulation]]
[2019.01.14-02.37.16:116][  0]LogConfig: Setting CVar [[r.DOF.Kernel.MaxForegroundRadius:0.025]]
[2019.01.14-02.37.16:116][  0]LogConfig: Setting CVar [[r.DOF.Kernel.MaxBackgroundRadius:0.025]]
[2019.01.14-02.37.16:116][  0]LogConfig: Applying CVar settings from Section [TextureQuality@3] File [C:/Users/user/Documents/Unreal Projects/BountyDash/Saved/Config/Windows/Scalability.ini]
[2019.01.14-02.37.16:116][  0]LogConfig: Setting CVar [[r.Streaming.MipBias:0]]
[2019.01.14-02.37.16:116][  0]LogConfig: Setting CVar [[r.Streaming.AmortizeCPUToGPUCopy:0]]
[2019.01.14-02.37.16:116][  0]LogConfig: Setting CVar [[r.Streaming.MaxNumTexturesToStreamPerFrame:0]]
[2019.01.14-02.37.16:116][  0]LogConfig: Setting CVar [[r.Streaming.Boost:1]]
[2019.01.14-02.37.16:116][  0]LogConfig: Setting CVar [[r.MaxAnisotropy:8]]
[2019.01.14-02.37.16:116][  0]LogConfig: Setting CVar [[r.Streaming.LimitPoolSizeToVRAM:0]]
[2019.01.14-02.37.16:116][  0]LogConfig: Setting CVar [[r.Streaming.PoolSize:1000]]
[2019.01.14-02.37.16:117][  0]LogConfig: Setting CVar [[r.Streaming.MaxEffectiveScreenSize:0]]
[2019.01.14-02.37.16:117][  0]LogConfig: Applying CVar settings from Section [EffectsQuality@3] File [C:/Users/user/Documents/Unreal Projects/BountyDash/Saved/Config/Windows/Scalability.ini]
[2019.01.14-02.37.16:117][  0]LogConfig: Setting CVar [[r.TranslucencyLightingVolumeDim:64]]
[2019.01.14-02.37.16:117][  0]LogConfig: Setting CVar [[r.RefractionQuality:2]]
[2019.01.14-02.37.16:117][  0]LogConfig: Setting CVar [[r.SSR.Quality:3]]
[2019.01.14-02.37.16:117][  0]LogConfig: Setting CVar [[r.SceneColorFormat:4]]
[2019.01.14-02.37.16:117][  0]LogConfig: Setting CVar [[r.DetailMode:2]]
[2019.01.14-02.37.16:117][  0]LogConfig: Setting CVar [[r.TranslucencyVolumeBlur:1]]
[2019.01.14-02.37.16:117][  0]LogConfig: Setting CVar [[r.MaterialQualityLevel:1 ; High quality]]
[2019.01.14-02.37.16:117][  0]LogConfig: Setting CVar [[r.SSS.Scale:1]]
[2019.01.14-02.37.16:117][  0]LogConfig: Setting CVar [[r.SSS.SampleSet:2]]
[2019.01.14-02.37.16:117][  0]LogConfig: Setting CVar [[r.SSS.Quality:1]]
[2019.01.14-02.37.16:117][  0]LogConfig: Setting CVar [[r.SSS.HalfRes:1]]
[2019.01.14-02.37.16:117][  0]LogConfig: Setting CVar [[r.EmitterSpawnRateScale:1.0]]
[2019.01.14-02.37.16:117][  0]LogConfig: Setting CVar [[r.ParticleLightQuality:2]]
[2019.01.14-02.37.16:117][  0]LogConfig: Applying CVar settings from Section [FoliageQuality@3] File [C:/Users/user/Documents/Unreal Projects/BountyDash/Saved/Config/Windows/Scalability.ini]
[2019.01.14-02.37.16:117][  0]LogConfig: Setting CVar [[foliage.DensityScale:1.0]]
[2019.01.14-02.37.16:118][  0]LogConfig: Setting CVar [[grass.DensityScale:1.0]]
[2019.01.14-02.37.16:118][  0]LogConfig: Applying CVar settings from Section [Startup] File [../../../Engine/Config/ConsoleVariables.ini]
[2019.01.14-02.37.16:118][  0]LogConfig: Setting CVar [[net.UseAdaptiveNetUpdateFrequency:0]]
[2019.01.14-02.37.16:118][  0]LogConfig: Applying CVar settings from Section [ConsoleVariables] File [C:/Users/user/Documents/Unreal Projects/BountyDash/Saved/Config/Windows/Engine.ini]
[2019.01.14-02.37.16:118][  0]LogInit: Computer: DESKTOP-RQ4MHCV
[2019.01.14-02.37.16:118][  0]LogInit: User: user
[2019.01.14-02.37.16:118][  0]LogInit: CPU Page size=4096, Cores=6
[2019.01.14-02.37.16:118][  0]LogInit: High frequency timer resolution =2.929695 MHz
[2019.01.14-02.37.16:118][  0]LogMemory: Memory total: Physical=15.9GB (16GB approx)
[2019.01.14-02.37.16:118][  0]LogMemory: Platform Memory Stats for Windows
[2019.01.14-02.37.16:118][  0]LogMemory: Process Physical Memory: 103.02 MB used, 103.02 MB peak
[2019.01.14-02.37.16:118][  0]LogMemory: Process Virtual Memory: 85.25 MB used, 85.25 MB peak
[2019.01.14-02.37.16:118][  0]LogMemory: Physical Memory: 5514.52 MB used,  10790.30 MB free, 16304.83 MB total
[2019.01.14-02.37.16:119][  0]LogMemory: Virtual Memory: 4642.54 MB used,  134213088.00 MB free, 134217728.00 MB total
[2019.01.14-02.37.16:577][  0]LogInit: Using OS detected language (ko-KR).
[2019.01.14-02.37.16:577][  0]LogInit: Using OS detected locale (ko-KR).
[2019.01.14-02.37.16:578][  0]LogTextLocalizationManager: No specific localization for 'ko-KR' exists, so the 'ko' localization will be used.
[2019.01.14-02.37.16:899][  0]LogStreaming: Display: Took  0.322s to InitEngineTextLocalization.
[2019.01.14-02.37.16:900][  0]LogInit: Setting process to per monitor DPI aware
[2019.01.14-02.37.16:958][  0]LogSlate: New Slate User Created.  User Index 0, Is Virtual User: 0
[2019.01.14-02.37.16:958][  0]LogSlate: Slate User Registered.  User Index 0, Is Virtual User: 0
[2019.01.14-02.37.17:237][  0]LogHMD: Failed to initialize OpenVR with code 110
[2019.01.14-02.37.17:237][  0]LogD3D11RHI: D3D11 adapters:
[2019.01.14-02.37.17:355][  0]LogD3D11RHI:    0. 'NVIDIA GeForce GTX 1050' (Feature Level 11_0)
[2019.01.14-02.37.17:355][  0]LogD3D11RHI:       1987/0/8152 MB DedicatedVideo/DedicatedSystem/SharedSystem, Outputs:2, VendorId:0x10de
[2019.01.14-02.37.17:416][  0]LogD3D11RHI:    1. 'Microsoft Basic Render Driver' (Feature Level 11_0)
[2019.01.14-02.37.17:416][  0]LogD3D11RHI:       0/0/8152 MB DedicatedVideo/DedicatedSystem/SharedSystem, Outputs:0, VendorId:0x1414
[2019.01.14-02.37.17:416][  0]LogD3D11RHI: Chosen D3D11 Adapter: 0
[2019.01.14-02.37.17:423][  0]LogD3D11RHI: Creating new Direct3DDevice
[2019.01.14-02.37.17:423][  0]LogD3D11RHI:     GPU DeviceId: 0x1c81 (for the marketing name, search the web for "GPU Device Id")
[2019.01.14-02.37.17:423][  0]LogWindows: EnumDisplayDevices:
[2019.01.14-02.37.17:424][  0]LogWindows:    0. 'NVIDIA GeForce GTX 1050' (P:1 D:1)
[2019.01.14-02.37.17:425][  0]LogWindows:    1. 'NVIDIA GeForce GTX 1050' (P:0 D:1)
[2019.01.14-02.37.17:426][  0]LogWindows:    2. 'NVIDIA GeForce GTX 1050' (P:0 D:0)
[2019.01.14-02.37.17:427][  0]LogWindows:    3. 'NVIDIA GeForce GTX 1050' (P:0 D:0)
[2019.01.14-02.37.17:427][  0]LogWindows: DebugString: FoundDriverCount:4 
[2019.01.14-02.37.17:427][  0]LogD3D11RHI:     Adapter Name: NVIDIA GeForce GTX 1050
[2019.01.14-02.37.17:427][  0]LogD3D11RHI:   Driver Version: 388.13 (internal:23.21.13.8813, unified:388.13)
[2019.01.14-02.37.17:428][  0]LogD3D11RHI:      Driver Date: 10-27-2017
[2019.01.14-02.37.17:428][  0]LogRHI: Texture pool is 1391 MB (70% of 1987 MB)
[2019.01.14-02.37.17:456][  0]LogD3D11RHI: Async texture creation enabled
[2019.01.14-02.37.17:466][  0]LogD3D11RHI: GPU Timing Frequency: 1000.000000 (Debug: 2 1)
[2019.01.14-02.37.17:949][  0]LogTemp: Display: Loaded TP AllDesktopTargetPlatform
[2019.01.14-02.37.17:961][  0]LogTemp: Display: Loaded TP MacClientTargetPlatform
[2019.01.14-02.37.17:973][  0]LogTemp: Display: Loaded TP MacNoEditorTargetPlatform
[2019.01.14-02.37.17:985][  0]LogTemp: Display: Loaded TP MacServerTargetPlatform
[2019.01.14-02.37.17:998][  0]LogTemp: Display: Loaded TP MacTargetPlatform
[2019.01.14-02.37.18:011][  0]LogTemp: Display: Loaded TP WindowsClientTargetPlatform
[2019.01.14-02.37.18:024][  0]LogTemp: Display: Loaded TP WindowsNoEditorTargetPlatform
[2019.01.14-02.37.18:036][  0]LogTemp: Display: Loaded TP WindowsServerTargetPlatform
[2019.01.14-02.37.18:042][  0]LogTemp: Display: Loaded TP WindowsTargetPlatform
[2019.01.14-02.37.18:116][  0]LogTemp: Display: Loaded TP AndroidTargetPlatform
[2019.01.14-02.37.18:116][  0]LogTemp: Display: Loaded TP AndroidTargetPlatform
[2019.01.14-02.37.18:116][  0]LogTemp: Display: Loaded TP AndroidTargetPlatform
[2019.01.14-02.37.18:116][  0]LogTemp: Display: Loaded TP AndroidTargetPlatform
[2019.01.14-02.37.18:116][  0]LogTemp: Display: Loaded TP AndroidTargetPlatform
[2019.01.14-02.37.18:117][  0]LogTemp: Display: Loaded TP AndroidTargetPlatform
[2019.01.14-02.37.18:117][  0]LogTemp: Display: Loaded TP AndroidTargetPlatform
[2019.01.14-02.37.18:117][  0]LogTemp: Display: Loaded TP AndroidTargetPlatform
[2019.01.14-02.37.18:117][  0]LogTemp: Display: Loaded TP AndroidTargetPlatform
[2019.01.14-02.37.18:117][  0]LogTemp: Display: Loaded TP AndroidTargetPlatform
[2019.01.14-02.37.18:117][  0]LogTemp: Display: Loaded TP AndroidTargetPlatform
[2019.01.14-02.37.18:117][  0]LogTemp: Display: Loaded TP AndroidTargetPlatform
[2019.01.14-02.37.18:117][  0]LogTemp: Display: Loaded TP AndroidTargetPlatform
[2019.01.14-02.37.18:117][  0]LogTemp: Display: Loaded TP AndroidTargetPlatform
[2019.01.14-02.37.18:117][  0]LogTemp: Display: Loaded TP AndroidTargetPlatform
[2019.01.14-02.37.18:118][  0]LogTemp: Display: Loaded TP AndroidTargetPlatform
[2019.01.14-02.37.18:118][  0]LogTemp: Display: Loaded TP AndroidTargetPlatform
[2019.01.14-02.37.18:118][  0]LogTemp: Display: Loaded TP AndroidTargetPlatform
[2019.01.14-02.37.18:121][  0]LogTemp: Display: Loaded TP HTML5TargetPlatform
[2019.01.14-02.37.18:188][  0]LogTemp: Display: Loaded TP IOSTargetPlatform
[2019.01.14-02.37.18:188][  0]LogTemp: Display: Loaded TP IOSTargetPlatform
[2019.01.14-02.37.18:209][  0]LogTemp: Display: Loaded TP TVOSTargetPlatform
[2019.01.14-02.37.18:209][  0]LogTemp: Display: Loaded TP TVOSTargetPlatform
[2019.01.14-02.37.18:221][  0]LogTemp: Display: Loaded TP LinuxClientTargetPlatform
[2019.01.14-02.37.18:233][  0]LogTemp: Display: Loaded TP LinuxNoEditorTargetPlatform
[2019.01.14-02.37.18:245][  0]LogTemp: Display: Loaded TP LinuxServerTargetPlatform
[2019.01.14-02.37.18:257][  0]LogTemp: Display: Loaded TP LinuxTargetPlatform
[2019.01.14-02.37.18:296][  0]LogTemp: Display: Loaded TP LuminTargetPlatform
[2019.01.14-02.37.18:296][  0]LogTemp: Display: Loaded TP LuminTargetPlatform
[2019.01.14-02.37.18:296][  0]LogTargetPlatformManager: Display: Building Assets For Windows
[2019.01.14-02.37.18:402][  0]LogShaderCompilers: Guid format shader working directory is -6 characters bigger than the processId version (C:/Users/user/Documents/Unreal Projects/BountyDash/Intermediate/Shaders/WorkingDirectory/15368/).
[2019.01.14-02.37.18:402][  0]LogShaderCompilers: Cleaned the shader compiler working directory 'C:/Users/user/AppData/Local/Temp/UnrealShaderWorkingDir/C5947C5B44C42A4BB5E8989CB03C5B4A/'.
[2019.01.14-02.37.18:403][  0]LogXGEController: Cleaning working directory: C:/Users/user/AppData/Local/Temp/UnrealXGEWorkingDir/
[2019.01.14-02.37.18:404][  0]LogXGEController: Cannot use XGE Controller as Incredibuild is not installed on this machine.
[2019.01.14-02.37.18:404][  0]LogShaderCompilers: Cannot use XGE Shader Compiler as Incredibuild is not installed on this machine.
[2019.01.14-02.37.18:404][  0]LogShaderCompilers: Display: Using Local Shader Compiler.
[2019.01.14-02.37.18:862][  0]LogDerivedDataCache: Display: Max Cache Size: 512 MB
[2019.01.14-02.37.18:923][  0]LogDerivedDataCache: Loaded boot cache 0.06s 74MB C:/Users/user/AppData/Local/UnrealEngine/4.21/DerivedDataCache/Boot.ddc.
[2019.01.14-02.37.18:923][  0]LogDerivedDataCache: Display: Loaded Boot cache: C:/Users/user/AppData/Local/UnrealEngine/4.21/DerivedDataCache/Boot.ddc
[2019.01.14-02.37.18:924][  0]LogDerivedDataCache: FDerivedDataBackendGraph:  Pak pak cache file C:/Users/user/Documents/Unreal Projects/BountyDash/DerivedDataCache/DDC.ddp not found, will not use a pak cache.
[2019.01.14-02.37.18:924][  0]LogDerivedDataCache: Unable to find inner node Pak for hierarchical cache Hierarchy.
[2019.01.14-02.37.18:924][  0]LogDerivedDataCache: FDerivedDataBackendGraph:  CompressedPak pak cache file C:/Users/user/Documents/Unreal Projects/BountyDash/DerivedDataCache/Compressed.ddp not found, will not use a pak cache.
[2019.01.14-02.37.18:924][  0]LogDerivedDataCache: Unable to find inner node CompressedPak for hierarchical cache Hierarchy.
[2019.01.14-02.37.18:936][  0]LogDerivedDataCache: Display: Pak cache opened for reading ../../../Engine/DerivedDataCache/Compressed.ddp.
[2019.01.14-02.37.18:936][  0]LogDerivedDataCache: FDerivedDataBackendGraph:  EnterprisePak pak cache file ../../../Enterprise/DerivedDataCache/Compressed.ddp not found, will not use a pak cache.
[2019.01.14-02.37.18:936][  0]LogDerivedDataCache: Unable to find inner node EnterprisePak for hierarchical cache Hierarchy.
[2019.01.14-02.37.18:948][  0]LogDerivedDataCache: Using Local data cache path C:/Users/user/AppData/Local/UnrealEngine/Common/DerivedDataCache: Writable
[2019.01.14-02.37.18:948][  0]LogDerivedDataCache: Shared data cache path not found in *engine.ini, will not use an Shared cache.
[2019.01.14-02.37.18:948][  0]LogDerivedDataCache: Unable to find inner node Shared for hierarchical cache Hierarchy.
[2019.01.14-02.37.18:968][  0]LogMaterial: Verifying Global Shaders for PCD3D_SM5
[2019.01.14-02.37.18:969][  0]LogSlate: Using FreeType 2.6.0
[2019.01.14-02.37.18:970][  0]LogSlate: SlateFontServices - WITH_FREETYPE: 1, WITH_HARFBUZZ: 1
[2019.01.14-02.37.19:051][  0]LogAssetRegistry: FAssetRegistry took 0.0313 seconds to start up
[2019.01.14-02.37.19:307][  0]LogInit: Selected Device Profile: [Windows]
[2019.01.14-02.37.19:374][  0]LogSimplygon: Simplygon DLL not present - disabling.
[2019.01.14-02.37.19:382][  0]LogMeshReduction: Using SimplygonSwarm for distributed automatic mesh merging
[2019.01.14-02.37.19:382][  0]LogMeshReduction: Using ProxyLODMeshReduction for automatic mesh merging
[2019.01.14-02.37.19:382][  0]LogMeshReduction: Using QuadricMeshReduction for automatic static mesh reduction
[2019.01.14-02.37.19:382][  0]LogMeshReduction: No automatic skeletal mesh reduction module available
[2019.01.14-02.37.19:462][  0]LogNetVersion: BountyDash 1.0.0, NetCL: 4541578, EngineNetVer: 5, GameNetVer: 0 (Checksum: 3339346427)
[2019.01.14-02.37.19:900][  0]LogPackageLocalizationCache: Processed 11 localized package path(s) for 2 prioritized culture(s) in 0.098958 seconds
[2019.01.14-02.37.19:906][  0]LogUObjectArray: 39775 objects as part of root set at end of initial load.
[2019.01.14-02.37.19:906][  0]LogUObjectAllocator: 6914664 out of 0 bytes used by permanent object pool.
[2019.01.14-02.37.19:906][  0]LogUObjectArray: CloseDisregardForGC: 0/0 objects in disregard for GC pool
[2019.01.14-02.37.20:850][  0]LogTcpMessaging: Initializing TcpMessaging bridge
[2019.01.14-02.37.20:866][  0]LogUdpMessaging: Initializing bridge on interface 0.0.0.0:0 to multicast group 230.0.0.1:6666.
[2019.01.14-02.37.21:578][  0]SourceControl: 소스 컨트롤이 꺼졌습니다.
[2019.01.14-02.37.21:578][  0]SourceControl: 소스 컨트롤이 꺼졌습니다.
[2019.01.14-02.37.21:581][  0]SourceControl: 소스 컨트롤이 꺼졌습니다.
[2019.01.14-02.37.21:584][  0]SourceControl: 소스 컨트롤이 꺼졌습니다.
[2019.01.14-02.37.21:821][  0]LogAndroidPermission: UAndroidPermissionCallbackProxy::GetInstance
[2019.01.14-02.37.21:886][  0]LogOcInput: OculusInput pre-init called
[2019.01.14-02.37.22:025][  0]LogEngine: Initializing Engine...
[2019.01.14-02.37.22:026][  0]LogHMD: Failed to initialize OpenVR with code 110
[2019.01.14-02.37.22:027][  0]LogStats: UGameplayTagsManager::ConstructGameplayTagTree: ImportINI prefixes -  0.000 s
[2019.01.14-02.37.22:027][  0]LogStats: UGameplayTagsManager::ConstructGameplayTagTree: Construct from data asset -  0.000 s
[2019.01.14-02.37.22:027][  0]LogStats: UGameplayTagsManager::ConstructGameplayTagTree: ImportINI -  0.000 s
[2019.01.14-02.37.22:027][  0]LogStats: UGameplayTagsManager::ConstructGameplayTagTree: GameplayTagTreeChangedEvent.Broadcast -  0.000 s
[2019.01.14-02.37.22:222][  0]LogInit: Initializing FReadOnlyCVARCache
[2019.01.14-02.37.22:236][  0]LogAIModule: Creating AISystem for world Untitled
[2019.01.14-02.37.22:245][  0]LogInit: No audio devices found!
[2019.01.14-02.37.22:245][  0]LogNetVersion: Set ProjectVersion to 1.0.0.0. Version Checksum will be recalculated on next use.
[2019.01.14-02.37.22:406][  0]LogDerivedDataCache: Saved boot cache 0.16s 74MB C:/Users/user/AppData/Local/UnrealEngine/4.21/DerivedDataCache/Boot.ddc.
[2019.01.14-02.37.22:434][  0]LogInit: Texture streaming: Enabled
[2019.01.14-02.37.22:454][  0]LogEngineSessionManager: EngineSessionManager initialized
[2019.01.14-02.37.22:469][  0]LogInit: Transaction tracking system initialized
[2019.01.14-02.37.22:494][  0]BlueprintLog: New page: 에디터 로드
[2019.01.14-02.37.22:583][  0]LocalizationService: 현지화 서비스가 비활성화되었습니다.
[2019.01.14-02.37.23:015][  0]LogFileCache: Scanning file cache for directory 'C:/Users/user/Documents/Unreal Projects/BountyDash/Content/' took 0.01s
[2019.01.14-02.37.23:015][  0]LogCook: Display: Max memory allowance for cook 16384mb min free memory 0mb
[2019.01.14-02.37.23:015][  0]LogCook: Display: Mobile HDR setting 1
[2019.01.14-02.37.23:015][  0]LogGameplayTags: Display: UGameplayTagsManager::DoneAddingNativeTags. DelegateIsBound: 0
[2019.01.14-02.37.23:015][  0]LogStats: UGameplayTagsManager::ConstructGameplayTagTree: ImportINI prefixes -  0.000 s
[2019.01.14-02.37.23:015][  0]LogStats: UGameplayTagsManager::ConstructGameplayTagTree: Construct from data asset -  0.000 s
[2019.01.14-02.37.23:015][  0]LogStats: UGameplayTagsManager::ConstructGameplayTagTree: ImportINI -  0.000 s
[2019.01.14-02.37.23:015][  0]LogStats: UGameplayTagsManager::ConstructGameplayTagTree: GameplayTagTreeChangedEvent.Broadcast -  0.000 s
[2019.01.14-02.37.23:199][  0]SourceControl: 소스 컨트롤이 꺼졌습니다.
[2019.01.14-02.37.23:199][  0]Cmd: MAP LOAD FILE="C:/Users/user/Documents/Unreal Projects/BountyDash/Content/StarterContent/Maps/Minimal_Default.umap" TEMPLATE=0 SHOWPROGRESS=1 FEATURELEVEL=3
[2019.01.14-02.37.23:200][  0]LightingResults: New page: 라이팅 빌드
[2019.01.14-02.37.23:202][  0]MapCheck: New page: 맵 체크
[2019.01.14-02.37.23:202][  0]LightingResults: New page: 라이팅 빌드
[2019.01.14-02.37.23:274][  0]LogLinker: Warning: '/Game/StarterContent/Maps/Minimal_Default_BuiltData' 파일을 찾을 수 없습니다.
[2019.01.14-02.37.23:275][  0]LogLinker: Warning: C:/Users/user/Documents/Unreal Projects/BountyDash/Content/StarterContent/Maps/Minimal_Default.umap 로드중 '/Game/StarterContent/Maps/Minimal_Default_BuiltData' 애셋에 대한 파일을 찾을 수 없습니다.
[2019.01.14-02.37.23:275][  0]LoadErrors: Error: /Game/StarterContent/Maps/Minimal_Default : 애셋에 대한 파일을 찾을 수 없습니다. /Game/StarterContent/Maps/Minimal_Default_BuiltData
[2019.01.14-02.37.23:298][  0]LogLinker: Warning: '/Game/StarterContent/Maps/Minimal_Default_BuiltData' 파일을 찾을 수 없습니다.
[2019.01.14-02.37.23:298][  0]LogLinker: Warning: C:/Users/user/Documents/Unreal Projects/BountyDash/Content/StarterContent/Maps/Minimal_Default.umap 로드중 '/Game/StarterContent/Maps/Minimal_Default_BuiltData' 애셋에 대한 파일을 찾을 수 없습니다.
[2019.01.14-02.37.23:299][  0]LoadErrors: Error: /Game/StarterContent/Maps/Minimal_Default : 애셋에 대한 파일을 찾을 수 없습니다. /Game/StarterContent/Maps/Minimal_Default_BuiltData
[2019.01.14-02.37.23:310][  0]LogLinker: Warning: '/Game/StarterContent/Maps/Minimal_Default_BuiltData' 파일을 찾을 수 없습니다.
[2019.01.14-02.37.23:311][  0]LogLinker: Warning: NULL 로드중 '/Game/StarterContent/Maps/Minimal_Default_BuiltData' 애셋에 대한 파일을 찾을 수 없습니다.
[2019.01.14-02.37.23:311][  0]LogLinker: Warning: '/Game/StarterContent/Maps/Minimal_Default_BuiltData' 파일을 찾을 수 없습니다.
[2019.01.14-02.37.23:311][  0]LogLinker: Warning: NULL 로드중 '/Game/StarterContent/Maps/Minimal_Default_BuiltData' 애셋에 대한 파일을 찾을 수 없습니다.
[2019.01.14-02.37.23:326][  0]LogLinker: Warning: '/Game/StarterContent/Maps/Minimal_Default_BuiltData' 파일을 찾을 수 없습니다.
[2019.01.14-02.37.23:326][  0]LoadErrors: 로드에 실패했습니다. /Game/StarterContent/Maps/Minimal_Default_BuiltData.Minimal_Default_BuiltData 레퍼런싱한 것: PersistentLevel
[2019.01.14-02.37.23:326][  0]LogLinker: Warning: NULL 로드중 '/Game/StarterContent/Maps/Minimal_Default_BuiltData' 애셋에 대한 파일을 찾을 수 없습니다.
[2019.01.14-02.37.23:326][  0]LoadErrors: 로드에 실패했습니다. /Game/StarterContent/Maps/Minimal_Default_BuiltData.Minimal_Default_BuiltData 레퍼런싱한 것: PersistentLevel
[2019.01.14-02.37.23:744][  0]LogAIModule: Creating AISystem for world Minimal_Default
[2019.01.14-02.37.23:755][  0]LogEditorServer: Finished looking for orphan Actors (0.000 secs)
[2019.01.14-02.37.23:777][  0]Cmd: MAP CHECKDEP NOCLEARLOG
[2019.01.14-02.37.23:777][  0]MapCheck: 맵 체크 완료: 오류 0 회, 경고 0 회, 소요 시간 0.185ms.
[2019.01.14-02.37.23:778][  0]LogFileHelpers: Loading map 'Minimal_Default' took 0.578
[2019.01.14-02.37.23:931][  0]LogSlate: Updating window title bar state: overlay mode, drag disabled, window buttons hidden, title bar hidden
[2019.01.14-02.37.23:939][  0]LogSlate: Updating window title bar state: overlay mode, drag disabled, window buttons hidden, title bar hidden
[2019.01.14-02.37.23:950][  0]LogSlate: Updating window title bar state: overlay mode, drag disabled, window buttons hidden, title bar hidden
[2019.01.14-02.37.23:956][  0]LogSlate: Updating window title bar state: overlay mode, drag disabled, window buttons hidden, title bar hidden
[2019.01.14-02.37.23:966][  0]LogCollectionManager: Loaded 0 collections in 0.000691 seconds
[2019.01.14-02.37.24:008][  0]LogFileCache: Scanning file cache for directory 'C:/Users/user/Documents/Unreal Projects/BountyDash/Saved/Collections/' took 0.01s
[2019.01.14-02.37.24:008][  0]LogFileCache: Scanning file cache for directory 'C:/Users/user/Documents/Unreal Projects/BountyDash/Content/Developers/user/Collections/' took 0.01s
[2019.01.14-02.37.24:008][  0]LogFileCache: Scanning file cache for directory 'C:/Users/user/Documents/Unreal Projects/BountyDash/Content/Collections/' took 0.01s
[2019.01.14-02.37.24:009][  0]LogCollectionManager: Rebuilt the GUID cache for 0 collections in 0.000000 seconds
[2019.01.14-02.37.24:016][  0]LogContentBrowser: Native class hierarchy populated in 0.0076 seconds. Added 2653 classes and 622 folders.
[2019.01.14-02.37.24:021][  0]LogContentBrowser: Native class hierarchy updated for 'WidgetCarousel' in 0.0003 seconds. Added 0 classes and 0 folders.
[2019.01.14-02.37.24:043][  0]LogPakFile: Registered encryption key '00000000000000000000000000000000': 0 pak files mounted, 0 remain pending
[2019.01.14-02.37.24:058][  0]LogPakFile: Registered encryption key '00000000000000000000000000000000': 0 pak files mounted, 0 remain pending
[2019.01.14-02.37.24:085][  0]LogPakFile: Registered encryption key '00000000000000000000000000000000': 0 pak files mounted, 0 remain pending
[2019.01.14-02.37.24:094][  0]LogPakFile: Registered encryption key '00000000000000000000000000000000': 0 pak files mounted, 0 remain pending
[2019.01.14-02.37.24:108][  0]LogPakFile: Registered encryption key '00000000000000000000000000000000': 0 pak files mounted, 0 remain pending
[2019.01.14-02.37.24:119][  0]LogPakFile: Registered encryption key '00000000000000000000000000000000': 0 pak files mounted, 0 remain pending
[2019.01.14-02.37.24:134][  0]LogPakFile: Registered encryption key '00000000000000000000000000000000': 0 pak files mounted, 0 remain pending
[2019.01.14-02.37.24:145][  0]LogPakFile: Registered encryption key '00000000000000000000000000000000': 0 pak files mounted, 0 remain pending
[2019.01.14-02.37.24:155][  0]LogPakFile: Registered encryption key '00000000000000000000000000000000': 0 pak files mounted, 0 remain pending
[2019.01.14-02.37.24:171][  0]LogPakFile: Registered encryption key '00000000000000000000000000000000': 0 pak files mounted, 0 remain pending
[2019.01.14-02.37.24:180][  0]LogPakFile: Registered encryption key '00000000000000000000000000000000': 0 pak files mounted, 0 remain pending
[2019.01.14-02.37.24:195][  0]LogPakFile: Registered encryption key '00000000000000000000000000000000': 0 pak files mounted, 0 remain pending
[2019.01.14-02.37.24:218][  0]LogPakFile: Registered encryption key '00000000000000000000000000000000': 0 pak files mounted, 0 remain pending
[2019.01.14-02.37.24:233][  0]LogPakFile: Registered encryption key '00000000000000000000000000000000': 0 pak files mounted, 0 remain pending
[2019.01.14-02.37.24:253][  0]LogPakFile: Registered encryption key '00000000000000000000000000000000': 0 pak files mounted, 0 remain pending
[2019.01.14-02.37.24:267][  0]LogPakFile: Registered encryption key '00000000000000000000000000000000': 0 pak files mounted, 0 remain pending
[2019.01.14-02.37.24:307][  0]LogPakFile: Registered encryption key '00000000000000000000000000000000': 0 pak files mounted, 0 remain pending
[2019.01.14-02.37.24:319][  0]LogPakFile: Registered encryption key '00000000000000000000000000000000': 0 pak files mounted, 0 remain pending
[2019.01.14-02.37.24:335][  0]LogPakFile: Registered encryption key '00000000000000000000000000000000': 0 pak files mounted, 0 remain pending
[2019.01.14-02.37.24:342][  0]LogPakFile: Registered encryption key '00000000000000000000000000000000': 0 pak files mounted, 0 remain pending
[2019.01.14-02.37.24:382][  0]LogPakFile: Registered encryption key '00000000000000000000000000000000': 0 pak files mounted, 0 remain pending
[2019.01.14-02.37.24:403][  0]LogPakFile: Registered encryption key '00000000000000000000000000000000': 0 pak files mounted, 0 remain pending
[2019.01.14-02.37.24:415][  0]LogPakFile: Registered encryption key '00000000000000000000000000000000': 0 pak files mounted, 0 remain pending
[2019.01.14-02.37.24:426][  0]LogPakFile: Registered encryption key '00000000000000000000000000000000': 0 pak files mounted, 0 remain pending
[2019.01.14-02.37.24:438][  0]LogPakFile: Registered encryption key '00000000000000000000000000000000': 0 pak files mounted, 0 remain pending
[2019.01.14-02.37.24:449][  0]LogPakFile: Registered encryption key '00000000000000000000000000000000': 0 pak files mounted, 0 remain pending
[2019.01.14-02.37.25:034][  0]LogContentBrowser: Native class hierarchy updated for 'AddContentDialog' in 0.0004 seconds. Added 0 classes and 0 folders.
[2019.01.14-02.37.25:064][  0]LogContentBrowser: Native class hierarchy updated for 'SceneOutliner' in 0.0004 seconds. Added 1 classes and 2 folders.
[2019.01.14-02.37.25:121][  0]LogSlate: Took 0.000208 seconds to synchronously load lazily loaded font '../../../Engine/Content/Slate/Fonts/Roboto-Regular.ttf' (155K)
[2019.01.14-02.37.25:126][  0]LogSlate: Took 0.003112 seconds to synchronously load lazily loaded font '../../../Engine/Content/Editor/Slate/Fonts/NanumGothic.ttf' (4243K)
[2019.01.14-02.37.25:131][  0]LogSlate: Took 0.003154 seconds to synchronously load lazily loaded font '../../../Engine/Content/Editor/Slate/Fonts/NanumGothicBold.ttf' (4188K)
[2019.01.14-02.37.25:132][  0]LogSlate: Took 0.000413 seconds to synchronously load lazily loaded font '../../../Engine/Content/Slate/Fonts/Roboto-Bold.ttf' (160K)
[2019.01.14-02.37.25:302][  0]LogSlate: Took 0.167106 seconds to synchronously load lazily loaded font '../../../Engine/Content/Editor/Slate/Fonts/FontAwesome.ttf' (139K)
[2019.01.14-02.37.25:466][  0]LogRenderer: Reallocating scene render targets to support 1148x732 Format 10 NumSamples 1 (Frame:1).
[2019.01.14-02.37.25:491][  0]LogSlate: Took 0.001986 seconds to synchronously load lazily loaded font '../../../Engine/Content/Slate/Fonts/../../Editor/Slate/Fonts/NanumGothic.ttf' (4243K)
[2019.01.14-02.37.25:640][  0]LogContentBrowser: Native class hierarchy updated for 'HierarchicalLODOutliner' in 0.0004 seconds. Added 0 classes and 0 folders.
[2019.01.14-02.37.25:640][  0]LogLoad: (Engine Initialization) Total time: 11.40 seconds
[2019.01.14-02.37.25:640][  0]LogLoad: (Engine Initialization) Total Blueprint compile time: 0.00 seconds
[2019.01.14-02.37.25:653][  0]LogWindowsTextInputMethodSystem: Display: IME system now activated using TSF (Microsoft 입력기).
[2019.01.14-02.37.25:708][  0]LogContentStreaming: Texture pool size now 1000 MB
[2019.01.14-02.37.25:709][  0]LogSlate: FSceneViewport::OnFocusLost() reason 2
[2019.01.14-02.37.25:743][  1]LogAssetRegistry: Asset discovery search completed in 6.7138 seconds
[2019.01.14-02.37.25:744][  1]LogCollectionManager: Rebuilt the object cache for 0 collections in 0.000000 seconds (found 0 objects)
[2019.01.14-02.37.25:744][  1]LogCollectionManager: Fixed up redirectors for 0 collections in 0.000097 seconds (updated 0 objects)
[2019.01.14-02.37.29:759][442]LogSlate: Took 0.031087 seconds to synchronously load lazily loaded font '../../../Engine/Content/Slate/Fonts/Roboto-Light.ttf' (167K)
[2019.01.14-02.39.05:546][934]MapCheck: New page: 맵 체크
[2019.01.14-02.39.05:561][934]Cmd: MAP REBUILD ALLVISIBLE
[2019.01.14-02.39.05:561][934]LogEditorServer: Rebuildmap Clear paths rebuilt
[2019.01.14-02.39.05:671][934]LogMaterial: Display: Missing cached shader map for material FDebugViewModeMaterialProxy M_Metal_Brushed_Nickel, compiling. 
[2019.01.14-02.39.05:685][934]LogShaderCompilers: Display: Shaders left to compile 1
[2019.01.14-02.39.05:686][934]LogMaterial: Display: Missing cached shader map for material FDebugViewModeMaterialProxy M_TableRound, compiling. 
[2019.01.14-02.39.05:698][934]LogMaterial: Display: Missing cached shader map for material FDebugViewModeMaterialProxy M_Chair, compiling. 
[2019.01.14-02.39.05:734][934]LogShaderCompilers: Display: Shaders left to compile 2
[2019.01.14-02.39.05:734][934]LogMaterial: Display: Missing cached shader map for material FDebugViewModeMaterialProxy M_Metal_Copper, compiling. 
[2019.01.14-02.39.05:880][934]LogMaterial: Display: Missing cached shader map for material FDebugViewModeMaterialProxy M_StatueGlass, compiling. 
[2019.01.14-02.39.06:139][934]LogMaterial: Display: Missing cached shader map for material FDebugViewModeMaterialProxy M_Metal_Burnished_Steel, compiling. 
[2019.01.14-02.39.06:156][934]LogMaterial: Display: Missing cached shader map for material FDebugViewModeMaterialProxy MaterialInstanceDynamic_0, compiling. 
[2019.01.14-02.39.07:190][934]LogShaderCompilers: Display: Shaders left to compile 5
[2019.01.14-02.39.07:190][934]LogShaderCompilers: Display: Shaders left to compile 4
[2019.01.14-02.39.07:190][934]LogShaderCompilers: Display: Shaders left to compile 3
[2019.01.14-02.39.07:190][934]LogShaderCompilers: Display: Shaders left to compile 2
[2019.01.14-02.39.07:190][934]LogShaderCompilers: Display: Shaders left to compile 1
[2019.01.14-02.39.07:190][934]TextureStreamingBuild: Display: Compiling optional shaders took 1.524 seconds.
[2019.01.14-02.39.07:229][934]LogLevel: Display: Export Material TexCoord Scales took 0.038 seconds.
[2019.01.14-02.39.07:237][934]TextureStreamingBuild: Display: Build Texture Streaming took 0.007 seconds.
[2019.01.14-02.39.07:261][934]LightingResults: New page: 라이팅 빌드 - 2019. 1. 14. 오후 8:39:07
[2019.01.14-02.39.07:494][934]LogSwarmInterface: [OpenConnection] Registering TCP channel ...
[2019.01.14-02.39.07:736][934]LogSwarmInterface: [OpenConnection] Connecting to agent ...
[2019.01.14-02.39.07:784][934]LogSwarmInterface: [TryOpenConnection] Testing the Agent
[2019.01.14-02.39.08:822][934]LogSwarmInterface: [TryOpenConnection] Opening Connection to Agent
[2019.01.14-02.39.08:822][934]LogSwarmInterface: [TryOpenConnection] Local Process ID is 15368
[2019.01.14-02.39.14:134][934]LogStaticLightingSystem: Warning: No importance volume found, so the scene bounding box was used.  You can optimize your scene's quality and lighting build times by adding importance volumes.
[2019.01.14-02.39.14:134][934]LogStaticLightingSystem: Running Lightmass w/ ImmediateImport mode ENABLED
[2019.01.14-02.39.14:135][934]LogStaticLightingSystem: Running Lightmass w/ ImmediateProcess mode ENABLED
[2019.01.14-02.39.14:135][934]LogStaticLightingSystem: Running Lightmass w/ Sorting mode ENABLED
[2019.01.14-02.39.14:135][934]LogStaticLightingSystem: Running Lightmass w/ Mapping paddings ENABLED
[2019.01.14-02.39.14:135][934]LogStaticLightingSystem: Running Lightmass w/ Mapping debug paddings DISABLED
[2019.01.14-02.39.14:521][934]Cmd: MAP CHECK DONTDISPLAYDIALOG
[2019.01.14-02.39.14:522][934]MapCheck: New page: Minimal_Default - 2019. 1. 14. 오후 8:39:14
[2019.01.14-02.39.14:522][934]MapCheck: Error: WorldSettings_1 맵 라이팅을 리빌드해야 합니다. 
[2019.01.14-02.39.14:522][934]MapCheck: 맵 체크 완료: 오류 1 회, 경고 0 회, 소요 시간 0.963ms.
[2019.01.14-02.39.14:547][934]LogEditorBuildUtils: Build time 0:08
[2019.01.14-02.39.18:507][188]Job is a success!
[2019.01.14-02.39.18:529][189]LogSlate: Took 0.000184 seconds to synchronously load lazily loaded font '../../../Engine/Content/Slate/Fonts/Roboto-Light.ttf' (167K)
[2019.01.14-02.39.18:558][189]LogVolumetricLightmapImport: Imported Volumetric Lightmap in 0.011s
[2019.01.14-02.39.18:558][189]LogVolumetricLightmapImport:      Indirection Texture 16x16x16 = 0.0Mb
[2019.01.14-02.39.18:558][189]LogVolumetricLightmapImport:      BrickData 30x5x5 = 0.0Mb
[2019.01.14-02.39.18:558][189]LogVolumetricLightmapImport:      Bricks at Level
[2019.01.14-02.39.18:558][189]LogVolumetricLightmapImport:          0: 16.7% covering 100.0% of volume
[2019.01.14-02.39.18:558][189]LogVolumetricLightmapImport:          1: 16.7% covering 1.6% of volume
[2019.01.14-02.39.18:558][189]LogVolumetricLightmapImport:          2: 66.7% covering 0.1% of volume
[2019.01.14-02.39.19:111][189]LogTexture: Display: 텍스처 빌드: SkyOcclusion0_2 (AutoDXT, 64X32)
[2019.01.14-02.39.19:112][189]LogTexture: Display: 텍스처 빌드: HQ_Lightmap0_2 (AutoDXT, 64X64)
[2019.01.14-02.39.19:112][189]LogTexture: Display: 텍스처 빌드: HQ_Lightmap0_1 (AutoDXT, 512X512)
[2019.01.14-02.39.19:112][189]LogTexture: Display: 텍스처 빌드: LQ_Lightmap_0_1 (DXT1, 512X512)
[2019.01.14-02.39.19:112][189]LogTexture: Display: 텍스처 빌드: SkyOcclusion0_1 (AutoDXT, 512X256)
[2019.01.14-02.39.19:112][189]LogTexture: Display: 텍스처 빌드: LQ_Lightmap_0_2 (DXT1, 64X64)
[2019.01.14-02.39.19:362][189]LogTexture: Display: 텍스처 빌드: ShadowMapTexture2D_0 (G8, 1024X128)
[2019.01.14-02.39.19:362][189]LogTexture: Display: 텍스처 빌드: ShadowMapTexture2D_1 (G8, 32X32)
[2019.01.14-02.39.19:858][189]Lightmass on DESKTOP-RQ4MHCV: 3.31 sec total, 729 ms importing, 268 ms setup, 273 ms photons, 1.98 sec processing, 0 ms extra exporting [7/7 mappings]. Threads: 9.83 sec total, 1.61 sec processing.
[2019.01.14-02.39.19:886][189]LogStaticLightingSystem: Illumination: 12.6 sec (544 ms encoding lightmaps, 245 ms encoding shadowmaps)
[2019.01.14-02.39.19:886][189]LogStaticLightingSystem: Lightmap texture memory:  0.7 MB (0.7 MB streaming, 0.0 MB non-streaming), 4 textures
[2019.01.14-02.39.19:886][189]LogStaticLightingSystem: Shadowmap texture memory: 0.2 MB (0.2 MB streaming, 0.0 MB non-streaming), 2 textures
[2019.01.14-02.39.20:145][189]DumpUnbuiltLightIteractions
[2019.01.14-02.39.20:145][189]Lights with unbuilt interactions: 0
[2019.01.14-02.39.20:145][189]
[2019.01.14-02.39.20:145][189]Primitives with unbuilt interactions: 0
[2019.01.14-02.39.20:222][190]Cmd: MAP CHECK NOTIFYRESULTS
[2019.01.14-02.39.20:222][190]MapCheck: New page: Minimal_Default - 2019. 1. 14. 오후 8:39:20
[2019.01.14-02.39.20:223][190]MapCheck: 맵 체크 완료: 오류 0 회, 경고 0 회, 소요 시간 0.727ms.
[2019.01.14-02.40.29:212][463]LogLinker: Warning: '/Game/Levels/BountyDashMap_BuiltData' 파일을 찾을 수 없습니다.
[2019.01.14-02.40.29:212][463]LogLinker: Warning: C:/Users/user/Documents/Unreal Projects/BountyDash/Content/Levels/BountyDashMap.umap 로드중 '/Game/Levels/BountyDashMap_BuiltData' 애셋에 대한 파일을 찾을 수 없습니다.
[2019.01.14-02.40.29:212][463]LoadErrors: Error: /Game/Levels/BountyDashMap : 애셋에 대한 파일을 찾을 수 없습니다. /Game/Levels/BountyDashMap_BuiltData
[2019.01.14-02.40.29:215][463]LogLinker: Warning: '/Game/Levels/BountyDashMap_BuiltData' 파일을 찾을 수 없습니다.
[2019.01.14-02.40.29:215][463]LogLinker: Warning: C:/Users/user/Documents/Unreal Projects/BountyDash/Content/Levels/BountyDashMap.umap 로드중 '/Game/Levels/BountyDashMap_BuiltData' 애셋에 대한 파일을 찾을 수 없습니다.
[2019.01.14-02.40.29:216][463]LogLinker: Warning: '/Game/Levels/BountyDashMap_BuiltData' 파일을 찾을 수 없습니다.
[2019.01.14-02.40.29:216][463]LogLinker: Warning: NULL 로드중 '/Game/Levels/BountyDashMap_BuiltData' 애셋에 대한 파일을 찾을 수 없습니다.
[2019.01.14-02.40.29:216][463]LogLinker: Warning: '/Game/Levels/BountyDashMap_BuiltData' 파일을 찾을 수 없습니다.
[2019.01.14-02.40.29:216][463]LogLinker: Warning: NULL 로드중 '/Game/Levels/BountyDashMap_BuiltData' 애셋에 대한 파일을 찾을 수 없습니다.
[2019.01.14-02.40.29:220][463]LogLinker: Warning: '/Game/Levels/BountyDashMap_BuiltData' 파일을 찾을 수 없습니다.
[2019.01.14-02.40.29:220][463]LoadErrors: 로드에 실패했습니다. /Game/Levels/BountyDashMap_BuiltData.BountyDashMap_BuiltData 레퍼런싱한 것: PersistentLevel
[2019.01.14-02.40.29:220][463]LogLinker: Warning: NULL 로드중 '/Game/Levels/BountyDashMap_BuiltData' 애셋에 대한 파일을 찾을 수 없습니다.
[2019.01.14-02.40.29:223][463]LogAIModule: Creating AISystem for world BountyDashMap
[2019.01.14-02.40.29:226][463]LogAssetEditorManager: Opening Asset editor for World /Game/Levels/BountyDashMap.BountyDashMap
[2019.01.14-02.40.40:974][463]LogSlate: Window '콘텐츠 저장' being destroyed
[2019.01.14-02.40.41:103][463]LogSavePackage: Moving 'C:/Users/user/Documents/Unreal Projects/BountyDash/Saved/Minimal_DefaultB50C481341A18BA1E0568091CF10152D.tmp' to 'C:/Users/user/Documents/Unreal Projects/BountyDash/Content/StarterContent/Maps/Minimal_Default.umap'
[2019.01.14-02.40.41:126][463]LogFileHelpers: Saving map 'Minimal_Default' took 0.147
[2019.01.14-02.40.41:159][463]LogSavePackage: Moving 'C:/Users/user/Documents/Unreal Projects/BountyDash/Saved/Minimal_Default_BuiltDataF4E0ACD84D3DB3AF61EB3DA85DDFF644.tmp' to 'C:/Users/user/Documents/Unreal Projects/BountyDash/Content/StarterContent/Maps/Minimal_Default_BuiltData.uasset'
[2019.01.14-02.40.41:162][463]Cmd: MAP LOAD FILE="C:/Users/user/Documents/Unreal Projects/BountyDash/Content/Levels/BountyDashMap.umap" TEMPLATE=0 SHOWPROGRESS=1 FEATURELEVEL=3
[2019.01.14-02.40.41:162][463]LightingResults: New page: 라이팅 빌드
[2019.01.14-02.40.41:163][463]LoadErrors: New page: 맵 로드중: BountyDashMap.umap
[2019.01.14-02.40.41:163][463]MapCheck: New page: 맵 체크
[2019.01.14-02.40.41:163][463]LightingResults: New page: 라이팅 빌드
[2019.01.14-02.40.41:235][463]LogEditorServer: Finished looking for orphan Actors (0.000 secs)
[2019.01.14-02.40.41:272][463]Cmd: MAP CHECKDEP NOCLEARLOG
[2019.01.14-02.40.41:272][463]MapCheck: 맵 체크 완료: 오류 0 회, 경고 0 회, 소요 시간 0.191ms.
[2019.01.14-02.40.41:272][463]LogFileHelpers: Loading map 'BountyDashMap' took 0.111
[2019.01.14-02.40.41:317][463]LogAIModule: Creating AISystem for world Minimal_Default
