Log file open, 01/14/19 11:47:01
LogWindows: Failed to load 'aqProf.dll' (GetLastError=126)
LogWindows: File 'aqProf.dll' does not exist
LogWindows: Failed to load 'VtuneApi.dll' (GetLastError=126)
LogWindows: File 'VtuneApi.dll' does not exist
LogWindows: Failed to load 'VtuneApi32e.dll' (GetLastError=126)
LogWindows: File 'VtuneApi32e.dll' does not exist
LogConsoleResponse: Display: Failed to find resolution value strings in scalability ini. Falling back to default.
LogInit: Display: Running engine for game: BountyDash
LogPakFile: Registered encryption key '00000000000000000000000000000000': 0 pak files mounted, 0 remain pending
LogPlatformFile: Not using cached read wrapper
LogTaskGraph: Started task graph with 5 named threads and 20 total threads with 3 sets of task threads.
LogStats: Stats thread started at 0.232233
LogD3D11RHI: Loaded GFSDK_Aftermath_Lib.x64.dll
LogICUInternationalization: ICU TimeZone Detection - Raw Offset: +9:00, Platform Override: ''
LogPluginManager: Mounting plugin Paper2D
LogPluginManager: Mounting plugin AISupport
LogPluginManager: Mounting plugin LightPropagationVolume
LogPluginManager: Mounting plugin ActorLayerUtilities
LogPluginManager: Mounting plugin CLionSourceCodeAccess
LogPluginManager: Mounting plugin CodeLiteSourceCodeAccess
LogPluginManager: Mounting plugin GitSourceControl
LogPluginManager: Mounting plugin KDevelopSourceCodeAccess
LogPluginManager: Mounting plugin NullSourceCodeAccess
LogPluginManager: Mounting plugin PerforceSourceControl
LogPluginManager: Mounting plugin SubversionSourceControl
LogPluginManager: Mounting plugin UObjectPlugin
LogPluginManager: Mounting plugin VisualStudioCodeSourceCodeAccess
LogPluginManager: Mounting plugin VisualStudioSourceCodeAccess
LogPluginManager: Mounting plugin XCodeSourceCodeAccess
LogPluginManager: Mounting plugin AssetManagerEditor
LogPluginManager: Mounting plugin CryptoKeys
LogPluginManager: Mounting plugin DataValidation
LogPluginManager: Mounting plugin FacialAnimation
LogPluginManager: Mounting plugin GameplayTagsEditor
LogPluginManager: Mounting plugin MacGraphicsSwitching
LogPluginManager: Mounting plugin MeshEditor
LogPluginManager: Mounting plugin MobileLauncherProfileWizard
LogPluginManager: Mounting plugin PluginBrowser
LogPluginManager: Mounting plugin SpeedTreeImporter
LogPluginManager: Mounting plugin DatasmithContent
LogPluginManager: Mounting plugin VariantManagerContent
LogPluginManager: Mounting plugin AlembicImporter
LogPluginManager: Mounting plugin AppleImageUtils
LogPluginManager: Mounting plugin AppleVision
LogPluginManager: Mounting plugin BackChannel
LogPluginManager: Mounting plugin CharacterAI
LogPluginManager: Mounting plugin GeometryCache
LogPluginManager: Mounting plugin HTML5Networking
LogPluginManager: Mounting plugin ProxyLODPlugin
LogPluginManager: Mounting plugin MagicLeap
LogPluginManager: Mounting plugin MagicLeapMedia
LogPluginManager: Mounting plugin AndroidMedia
LogPluginManager: Mounting plugin AvfMedia
LogPluginManager: Mounting plugin ImgMedia
LogPluginManager: Mounting plugin LinearTimecode
LogPluginManager: Mounting plugin MediaCompositing
LogPluginManager: Mounting plugin MediaPlayerEditor
LogPluginManager: Mounting plugin WebMMedia
LogPluginManager: Mounting plugin WmfMedia
LogPluginManager: Mounting plugin TcpMessaging
LogPluginManager: Mounting plugin UdpMessaging
LogPluginManager: Mounting plugin ActorSequence
LogPluginManager: Mounting plugin LevelSequenceEditor
LogPluginManager: Mounting plugin MatineeToLevelSequence
LogPluginManager: Mounting plugin NetcodeUnitTest
LogPluginManager: Mounting plugin NUTUnrealEngine4
LogPluginManager: Mounting plugin OnlineSubsystemGooglePlay
LogPluginManager: Mounting plugin OnlineSubsystemIOS
LogPluginManager: Mounting plugin OnlineSubsystem
LogPluginManager: Mounting plugin OnlineSubsystemNull
LogPluginManager: Mounting plugin OnlineSubsystemUtils
LogPluginManager: Mounting plugin LauncherChunkInstaller
LogPluginManager: Mounting plugin AndroidDeviceProfileSelector
LogPluginManager: Mounting plugin AndroidMoviePlayer
LogPluginManager: Mounting plugin AndroidPermission
LogPluginManager: Mounting plugin AppleMoviePlayer
LogPluginManager: Mounting plugin ArchVisCharacter
LogPluginManager: Mounting plugin AudioCapture
LogPluginManager: Mounting plugin CableComponent
LogPluginManager: Mounting plugin CustomMeshComponent
LogPluginManager: Mounting plugin EditableMesh
LogPluginManager: Mounting plugin ExampleDeviceProfileSelector
LogPluginManager: Mounting plugin Firebase
LogPluginManager: Mounting plugin GoogleCloudMessaging
LogPluginManager: Mounting plugin IOSDeviceProfileSelector
LogPluginManager: Mounting plugin LinuxDeviceProfileSelector
LogPluginManager: Mounting plugin LocationServicesBPLibrary
LogPluginManager: Mounting plugin MobilePatchingUtils
LogPluginManager: Mounting plugin OculusVR
LogPluginManager: Mounting plugin PhysXVehicles
LogPluginManager: Mounting plugin ProceduralMeshComponent
LogPluginManager: Mounting plugin RuntimePhysXCooking
LogPluginManager: Mounting plugin SteamVR
LogPluginManager: Mounting plugin WebMMoviePlayer
LogPluginManager: Mounting plugin WindowsMoviePlayer
LogStreaming: Display: Took  0.067s to configure plugins.
LogInit: Using libcurl 7.55.1-DEV
LogInit:  - built for x86_64-pc-win32
LogInit:  - supports SSL with OpenSSL/1.0.2h
LogInit:  - supports HTTP deflate (compression) using libz 1.2.8
LogInit:  - other features:
LogInit:      CURL_VERSION_SSL
LogInit:      CURL_VERSION_LIBZ
LogInit:      CURL_VERSION_IPV6
LogInit:      CURL_VERSION_ASYNCHDNS
LogInit:      CURL_VERSION_LARGEFILE
LogInit:      CURL_VERSION_IDN
LogInit:  CurlRequestOptions (configurable via config and command line):
LogInit:  - bVerifyPeer = true  - Libcurl will verify peer certificate
LogInit:  - bUseHttpProxy = false  - Libcurl will NOT use HTTP proxy
LogInit:  - bDontReuseConnections = false  - Libcurl will reuse connections
LogInit:  - MaxHostConnections = 16  - Libcurl will limit the number of connections to a host
LogInit:  - LocalHostAddr = Default
LogInit:  - BufferSize = 65536
LogInit: WinSock: version 1.1 (2.2), MaxSocks=32767, MaxUdp=65467
LogInit: Build: ++UE4+Release-4.21-CL-4613538
LogInit: Engine Version: 4.21.1-4613538+++UE4+Release-4.21
LogInit: Compatible Engine Version: 4.21.0-4541578+++UE4+Release-4.21
LogInit: Net CL: 4541578
LogInit: OS: Windows 10 (), CPU: Intel(R) Core(TM) i5-8500 CPU @ 3.00GHz, GPU: NVIDIA GeForce GTX 1050
LogInit: Compiled (64-bit): Nov 30 2018 04:13:25
LogInit: Compiled with Visual C++: 19.13.26129.00
LogInit: Build Configuration: Development
LogInit: Branch Name: ++UE4+Release-4.21
LogInit: Command Line:  -EpicPortal -epicusername=jinreo -epicuserid=7f43d58c1277444caf8b50d9bee346ac -epiclocale=ko-KR
LogInit: Base Directory: D:/Program Files/Epic Games/UE_4.21/Engine/Binaries/Win64/
LogInit: Installed Engine Build: 1
LogDevObjectVersion: Number of dev versions registered: 22
LogDevObjectVersion:   Dev-Blueprints (B0D832E4-1F89-4F0D-ACCF-7EB736FD4AA2): 10
LogDevObjectVersion:   Dev-Build (E1C64328-A22C-4D53-A36C-8E866417BD8C): 0
LogDevObjectVersion:   Dev-Core (375EC13C-06E4-48FB-B500-84F0262A717E): 2
LogDevObjectVersion:   Dev-Editor (E4B068ED-F494-42E9-A231-DA0B2E46BB41): 26
LogDevObjectVersion:   Dev-Framework (CFFC743F-43B0-4480-9391-14DF171D2073): 34
LogDevObjectVersion:   Dev-Mobile (B02B49B5-BB20-44E9-A304-32B752E40360): 2
LogDevObjectVersion:   Dev-Networking (A4E4105C-59A1-49B5-A7C5-40C4547EDFEE): 0
LogDevObjectVersion:   Dev-Online (39C831C9-5AE6-47DC-9A44-9C173E1C8E7C): 0
LogDevObjectVersion:   Dev-Physics (78F01B33-EBEA-4F98-B9B4-84EACCB95AA2): 0
LogDevObjectVersion:   Dev-Platform (6631380F-2D4D-43E0-8009-CF276956A95A): 0
LogDevObjectVersion:   Dev-Rendering (12F88B9F-8875-4AFC-A67C-D90C383ABD29): 27
LogDevObjectVersion:   Dev-Sequencer (7B5AE74C-D270-4C10-A958-57980B212A5A): 9
LogDevObjectVersion:   Dev-VR (D7296918-1DD6-4BDD-9DE2-64A83CC13884): 2
LogDevObjectVersion:   Dev-LoadTimes (C2A15278-BFE7-4AFE-6C17-90FF531DF755): 1
LogDevObjectVersion:   Private-Geometry (6EACA3D4-40EC-4CC1-B786-8BED09428FC5): 3
LogDevObjectVersion:   Dev-AnimPhys (29E575DD-E0A3-4627-9D10-D276232CDCEA): 17
LogDevObjectVersion:   Dev-Anim (AF43A65D-7FD3-4947-9873-3E8ED9C1BB05): 2
LogDevObjectVersion:   Dev-ReflectionCapture (6B266CEC-1EC7-4B8F-A30B-E4D90942FC07): 1
LogDevObjectVersion:   Dev-Automation (0DF73D61-A23F-47EA-B727-89E90C41499A): 1
LogDevObjectVersion:   FortniteMain (601D1886-AC64-4F84-AA16-D3DE0DEAC7D6): 17
LogDevObjectVersion:   Dev-Enterprise (9DFFBCD6-494F-0158-E221-12823C92A888): 4
LogDevObjectVersion:   Dev-Niagara (F2AED0AC-9AFE-416F-8664-AA7FFA26D6FC): 1
LogStreaming: Display: Took  0.001s to delete old logs.
LogInit: Presizing for max 8388607 objects, including 0 objects not considered by GC, pre-allocating 0 bytes for permanent pool.
LogInit: Object subsystem initialized
LogConfig: Setting CVar [[con.DebugEarlyDefault:1]]
LogConfig: Setting CVar [[r.setres:1280x720]]
[2019.01.14-02.47.01:777][  0]LogConfig: Setting CVar [[r.VSync:0]]
[2019.01.14-02.47.01:777][  0]LogConfig: Setting CVar [[r.RHICmdBypass:0]]
[2019.01.14-02.47.01:777][  0]LogConfig: Applying CVar settings from Section [/Script/Engine.RendererSettings] File [C:/Users/user/Documents/Unreal Projects/BountyDash/Saved/Config/Windows/Engine.ini]
[2019.01.14-02.47.01:777][  0]LogConfig: Setting CVar [[r.GPUCrashDebugging:0]]
[2019.01.14-02.47.01:777][  0]LogConfig: Applying CVar settings from Section [/Script/Engine.RendererOverrideSettings] File [C:/Users/user/Documents/Unreal Projects/BountyDash/Saved/Config/Windows/Engine.ini]
[2019.01.14-02.47.01:777][  0]LogConfig: Applying CVar settings from Section [/Script/Engine.StreamingSettings] File [C:/Users/user/Documents/Unreal Projects/BountyDash/Saved/Config/Windows/Engine.ini]
[2019.01.14-02.47.01:777][  0]LogConfig: Setting CVar [[s.MinBulkDataSizeForAsyncLoading:131072]]
[2019.01.14-02.47.01:777][  0]LogConfig: Setting CVar [[s.AsyncLoadingThreadEnabled:0]]
[2019.01.14-02.47.01:777][  0]LogConfig: Setting CVar [[s.EventDrivenLoaderEnabled:1]]
[2019.01.14-02.47.01:777][  0]LogConfig: Setting CVar [[s.WarnIfTimeLimitExceeded:0]]
[2019.01.14-02.47.01:777][  0]LogConfig: Setting CVar [[s.TimeLimitExceededMultiplier:1.5]]
[2019.01.14-02.47.01:777][  0]LogConfig: Setting CVar [[s.TimeLimitExceededMinTime:0.005]]
[2019.01.14-02.47.01:777][  0]LogConfig: Setting CVar [[s.UseBackgroundLevelStreaming:1]]
[2019.01.14-02.47.01:777][  0]LogConfig: Setting CVar [[s.PriorityAsyncLoadingExtraTime:15.0]]
[2019.01.14-02.47.01:777][  0]LogConfig: Setting CVar [[s.LevelStreamingActorsUpdateTimeLimit:5.0]]
[2019.01.14-02.47.01:777][  0]LogConfig: Setting CVar [[s.PriorityLevelStreamingActorsUpdateExtraTime:5.0]]
[2019.01.14-02.47.01:777][  0]LogConfig: Setting CVar [[s.LevelStreamingComponentsRegistrationGranularity:10]]
[2019.01.14-02.47.01:777][  0]LogConfig: Setting CVar [[s.UnregisterComponentsTimeLimit:1.0]]
[2019.01.14-02.47.01:777][  0]LogConfig: Setting CVar [[s.LevelStreamingComponentsUnregistrationGranularity:5]]
[2019.01.14-02.47.01:777][  0]LogConfig: Applying CVar settings from Section [/Script/Engine.GarbageCollectionSettings] File [C:/Users/user/Documents/Unreal Projects/BountyDash/Saved/Config/Windows/Engine.ini]
[2019.01.14-02.47.01:777][  0]LogConfig: Setting CVar [[gc.MaxObjectsNotConsideredByGC:1]]
[2019.01.14-02.47.01:777][  0]LogConfig: Setting CVar [[gc.SizeOfPermanentObjectPool:0]]
[2019.01.14-02.47.01:777][  0]LogConfig: Setting CVar [[gc.FlushStreamingOnGC:0]]
[2019.01.14-02.47.01:777][  0]LogConfig: Setting CVar [[gc.NumRetriesBeforeForcingGC:10]]
[2019.01.14-02.47.01:777][  0]LogConfig: Setting CVar [[gc.AllowParallelGC:1]]
[2019.01.14-02.47.01:777][  0]LogConfig: Setting CVar [[gc.TimeBetweenPurgingPendingKillObjects:61.1]]
[2019.01.14-02.47.01:777][  0]LogConfig: Setting CVar [[gc.MaxObjectsInEditor:8388607]]
[2019.01.14-02.47.01:777][  0]LogConfig: Setting CVar [[gc.IncrementalBeginDestroyEnabled:1]]
[2019.01.14-02.47.01:777][  0]LogConfig: Setting CVar [[gc.CreateGCClusters:1]]
[2019.01.14-02.47.01:777][  0]LogConfig: Setting CVar [[gc.MergeGCClusters:0]]
[2019.01.14-02.47.01:777][  0]LogConfig: Setting CVar [[gc.MinGCClusterSize:5]]
[2019.01.14-02.47.01:777][  0]LogConfig: Setting CVar [[gc.ActorClusteringEnabled:0]]
[2019.01.14-02.47.01:777][  0]LogConfig: Setting CVar [[gc.BlueprintClusteringEnabled:0]]
[2019.01.14-02.47.01:777][  0]LogConfig: Setting CVar [[gc.UseDisregardForGCOnDedicatedServers:0]]
[2019.01.14-02.47.01:777][  0]LogConfig: Applying CVar settings from Section [/Script/Engine.NetworkSettings] File [C:/Users/user/Documents/Unreal Projects/BountyDash/Saved/Config/Windows/Engine.ini]
[2019.01.14-02.47.01:777][  0]LogConfig: Applying CVar settings from Section [/Script/UnrealEd.CookerSettings] File [C:/Users/user/Documents/Unreal Projects/BountyDash/Saved/Config/Windows/Engine.ini]
[2019.01.14-02.47.01:784][  0]LogConfig: Applying CVar settings from Section [ViewDistanceQuality@3] File [C:/Users/user/Documents/Unreal Projects/BountyDash/Saved/Config/Windows/Scalability.ini]
[2019.01.14-02.47.01:784][  0]LogConfig: Setting CVar [[r.SkeletalMeshLODBias:0]]
[2019.01.14-02.47.01:784][  0]LogConfig: Setting CVar [[r.ViewDistanceScale:1.0]]
[2019.01.14-02.47.01:784][  0]LogConfig: Applying CVar settings from Section [AntiAliasingQuality@3] File [C:/Users/user/Documents/Unreal Projects/BountyDash/Saved/Config/Windows/Scalability.ini]
[2019.01.14-02.47.01:784][  0]LogConfig: Setting CVar [[r.PostProcessAAQuality:4]]
[2019.01.14-02.47.01:784][  0]LogConfig: Applying CVar settings from Section [ShadowQuality@3] File [C:/Users/user/Documents/Unreal Projects/BountyDash/Saved/Config/Windows/Scalability.ini]
[2019.01.14-02.47.01:784][  0]LogConfig: Setting CVar [[r.LightFunctionQuality:1]]
[2019.01.14-02.47.01:784][  0]LogConfig: Setting CVar [[r.ShadowQuality:5]]
[2019.01.14-02.47.01:784][  0]LogConfig: Setting CVar [[r.Shadow.CSM.MaxCascades:10]]
[2019.01.14-02.47.01:784][  0]LogConfig: Setting CVar [[r.Shadow.MaxResolution:2048]]
[2019.01.14-02.47.01:784][  0]LogConfig: Setting CVar [[r.Shadow.MaxCSMResolution:2048]]
[2019.01.14-02.47.01:784][  0]LogConfig: Setting CVar [[r.Shadow.RadiusThreshold:0.01]]
[2019.01.14-02.47.01:784][  0]LogConfig: Setting CVar [[r.Shadow.DistanceScale:1.0]]
[2019.01.14-02.47.01:784][  0]LogConfig: Setting CVar [[r.Shadow.CSM.TransitionScale:1.0]]
[2019.01.14-02.47.01:784][  0]LogConfig: Setting CVar [[r.Shadow.PreShadowResolutionFactor:1.0]]
[2019.01.14-02.47.01:784][  0]LogConfig: Setting CVar [[r.DistanceFieldShadowing:1]]
[2019.01.14-02.47.01:784][  0]LogConfig: Setting CVar [[r.DistanceFieldAO:1]]
[2019.01.14-02.47.01:784][  0]LogConfig: Setting CVar [[r.AOQuality:2]]
[2019.01.14-02.47.01:784][  0]LogConfig: Setting CVar [[r.VolumetricFog:1]]
[2019.01.14-02.47.01:784][  0]LogConfig: Setting CVar [[r.VolumetricFog.GridPixelSize:8]]
[2019.01.14-02.47.01:784][  0]LogConfig: Setting CVar [[r.VolumetricFog.GridSizeZ:128]]
[2019.01.14-02.47.01:784][  0]LogConfig: Setting CVar [[r.VolumetricFog.HistoryMissSupersampleCount:4]]
[2019.01.14-02.47.01:784][  0]LogConfig: Setting CVar [[r.LightMaxDrawDistanceScale:1]]
[2019.01.14-02.47.01:784][  0]LogConfig: Setting CVar [[r.CapsuleShadows:1]]
[2019.01.14-02.47.01:784][  0]LogConfig: Applying CVar settings from Section [PostProcessQuality@3] File [C:/Users/user/Documents/Unreal Projects/BountyDash/Saved/Config/Windows/Scalability.ini]
[2019.01.14-02.47.01:784][  0]LogConfig: Setting CVar [[r.MotionBlurQuality:4]]
[2019.01.14-02.47.01:784][  0]LogConfig: Setting CVar [[r.AmbientOcclusionMipLevelFactor:0.4]]
[2019.01.14-02.47.01:784][  0]LogConfig: Setting CVar [[r.AmbientOcclusionMaxQuality:100]]
[2019.01.14-02.47.01:784][  0]LogConfig: Setting CVar [[r.AmbientOcclusionLevels:-1]]
[2019.01.14-02.47.01:784][  0]LogConfig: Setting CVar [[r.AmbientOcclusionRadiusScale:1.0]]
[2019.01.14-02.47.01:784][  0]LogConfig: Setting CVar [[r.DepthOfFieldQuality:2]]
[2019.01.14-02.47.01:784][  0]LogConfig: Setting CVar [[r.RenderTargetPoolMin:400]]
[2019.01.14-02.47.01:784][  0]LogConfig: Setting CVar [[r.LensFlareQuality:2]]
[2019.01.14-02.47.01:784][  0]LogConfig: Setting CVar [[r.SceneColorFringeQuality:1]]
[2019.01.14-02.47.01:784][  0]LogConfig: Setting CVar [[r.EyeAdaptationQuality:2]]
[2019.01.14-02.47.01:784][  0]LogConfig: Setting CVar [[r.BloomQuality:5]]
[2019.01.14-02.47.01:784][  0]LogConfig: Setting CVar [[r.FastBlurThreshold:100]]
[2019.01.14-02.47.01:784][  0]LogConfig: Setting CVar [[r.Upscale.Quality:3]]
[2019.01.14-02.47.01:784][  0]LogConfig: Setting CVar [[r.Tonemapper.GrainQuantization:1]]
[2019.01.14-02.47.01:784][  0]LogConfig: Setting CVar [[r.LightShaftQuality:1]]
[2019.01.14-02.47.01:784][  0]LogConfig: Setting CVar [[r.Filter.SizeScale:1]]
[2019.01.14-02.47.01:784][  0]LogConfig: Setting CVar [[r.Tonemapper.Quality:5]]
[2019.01.14-02.47.01:784][  0]LogConfig: Setting CVar [[r.DOF.Gather.AccumulatorQuality:1        ; higher gathering accumulator quality]]
[2019.01.14-02.47.01:784][  0]LogConfig: Setting CVar [[r.DOF.Gather.PostfilterMethod:1          ; Median3x3 postfilering method]]
[2019.01.14-02.47.01:784][  0]LogConfig: Setting CVar [[r.DOF.Gather.EnableBokehSettings:0       ; no bokeh simulation when gathering]]
[2019.01.14-02.47.01:784][  0]LogConfig: Setting CVar [[r.DOF.Gather.RingCount:4                 ; medium number of samples when gathering]]
[2019.01.14-02.47.01:784][  0]LogConfig: Setting CVar [[r.DOF.Scatter.ForegroundCompositing:1    ; additive foreground scattering]]
[2019.01.14-02.47.01:784][  0]LogConfig: Setting CVar [[r.DOF.Scatter.BackgroundCompositing:2    ; additive background scattering]]
[2019.01.14-02.47.01:784][  0]LogConfig: Setting CVar [[r.DOF.Scatter.EnableBokehSettings:1      ; bokeh simulation when scattering]]
[2019.01.14-02.47.01:784][  0]LogConfig: Setting CVar [[r.DOF.Scatter.MaxSpriteRatio:0.1         ; only a maximum of 10% of scattered bokeh]]
[2019.01.14-02.47.01:784][  0]LogConfig: Setting CVar [[r.DOF.Recombine.Quality:1                ; cheap slight out of focus]]
[2019.01.14-02.47.01:784][  0]LogConfig: Setting CVar [[r.DOF.Recombine.EnableBokehSettings:0    ; no bokeh simulation on slight out of focus]]
[2019.01.14-02.47.01:784][  0]LogConfig: Setting CVar [[r.DOF.TemporalAAQuality:1                ; more stable temporal accumulation]]
[2019.01.14-02.47.01:784][  0]LogConfig: Setting CVar [[r.DOF.Kernel.MaxForegroundRadius:0.025]]
[2019.01.14-02.47.01:784][  0]LogConfig: Setting CVar [[r.DOF.Kernel.MaxBackgroundRadius:0.025]]
[2019.01.14-02.47.01:784][  0]LogConfig: Applying CVar settings from Section [TextureQuality@3] File [C:/Users/user/Documents/Unreal Projects/BountyDash/Saved/Config/Windows/Scalability.ini]
[2019.01.14-02.47.01:784][  0]LogConfig: Setting CVar [[r.Streaming.MipBias:0]]
[2019.01.14-02.47.01:784][  0]LogConfig: Setting CVar [[r.Streaming.AmortizeCPUToGPUCopy:0]]
[2019.01.14-02.47.01:784][  0]LogConfig: Setting CVar [[r.Streaming.MaxNumTexturesToStreamPerFrame:0]]
[2019.01.14-02.47.01:784][  0]LogConfig: Setting CVar [[r.Streaming.Boost:1]]
[2019.01.14-02.47.01:784][  0]LogConfig: Setting CVar [[r.MaxAnisotropy:8]]
[2019.01.14-02.47.01:784][  0]LogConfig: Setting CVar [[r.Streaming.LimitPoolSizeToVRAM:0]]
[2019.01.14-02.47.01:784][  0]LogConfig: Setting CVar [[r.Streaming.PoolSize:1000]]
[2019.01.14-02.47.01:784][  0]LogConfig: Setting CVar [[r.Streaming.MaxEffectiveScreenSize:0]]
[2019.01.14-02.47.01:784][  0]LogConfig: Applying CVar settings from Section [EffectsQuality@3] File [C:/Users/user/Documents/Unreal Projects/BountyDash/Saved/Config/Windows/Scalability.ini]
[2019.01.14-02.47.01:784][  0]LogConfig: Setting CVar [[r.TranslucencyLightingVolumeDim:64]]
[2019.01.14-02.47.01:784][  0]LogConfig: Setting CVar [[r.RefractionQuality:2]]
[2019.01.14-02.47.01:784][  0]LogConfig: Setting CVar [[r.SSR.Quality:3]]
[2019.01.14-02.47.01:784][  0]LogConfig: Setting CVar [[r.SceneColorFormat:4]]
[2019.01.14-02.47.01:784][  0]LogConfig: Setting CVar [[r.DetailMode:2]]
[2019.01.14-02.47.01:784][  0]LogConfig: Setting CVar [[r.TranslucencyVolumeBlur:1]]
[2019.01.14-02.47.01:784][  0]LogConfig: Setting CVar [[r.MaterialQualityLevel:1 ; High quality]]
[2019.01.14-02.47.01:784][  0]LogConfig: Setting CVar [[r.SSS.Scale:1]]
[2019.01.14-02.47.01:784][  0]LogConfig: Setting CVar [[r.SSS.SampleSet:2]]
[2019.01.14-02.47.01:784][  0]LogConfig: Setting CVar [[r.SSS.Quality:1]]
[2019.01.14-02.47.01:785][  0]LogConfig: Setting CVar [[r.SSS.HalfRes:1]]
[2019.01.14-02.47.01:785][  0]LogConfig: Setting CVar [[r.EmitterSpawnRateScale:1.0]]
[2019.01.14-02.47.01:785][  0]LogConfig: Setting CVar [[r.ParticleLightQuality:2]]
[2019.01.14-02.47.01:785][  0]LogConfig: Applying CVar settings from Section [FoliageQuality@3] File [C:/Users/user/Documents/Unreal Projects/BountyDash/Saved/Config/Windows/Scalability.ini]
[2019.01.14-02.47.01:785][  0]LogConfig: Setting CVar [[foliage.DensityScale:1.0]]
[2019.01.14-02.47.01:785][  0]LogConfig: Setting CVar [[grass.DensityScale:1.0]]
[2019.01.14-02.47.01:785][  0]LogInit: Selected Device Profile: [Windows]
[2019.01.14-02.47.01:785][  0]LogInit: Applying CVar settings loaded from the selected device profile: [Windows]
[2019.01.14-02.47.01:794][  0]LogHAL: Display: Platform has ~ 16 GB [17096851456 / 17179869184 / 16], which maps to Larger [LargestMinGB=32, LargerMinGB=12, DefaultMinGB=8, SmallerMinGB=6, SmallestMinGB=0)
[2019.01.14-02.47.01:794][  0]LogConfig: Setting CVar [[r.Vulkan.UseRealUBs:1]]
[2019.01.14-02.47.01:794][  0]LogInit: Going up to parent DeviceProfile []
[2019.01.14-02.47.01:794][  0]LogConfig: Applying CVar settings from Section [ViewDistanceQuality@3] File [C:/Users/user/Documents/Unreal Projects/BountyDash/Saved/Config/Windows/Scalability.ini]
[2019.01.14-02.47.01:794][  0]LogConfig: Setting CVar [[r.SkeletalMeshLODBias:0]]
[2019.01.14-02.47.01:794][  0]LogConfig: Setting CVar [[r.ViewDistanceScale:1.0]]
[2019.01.14-02.47.01:794][  0]LogConfig: Applying CVar settings from Section [AntiAliasingQuality@3] File [C:/Users/user/Documents/Unreal Projects/BountyDash/Saved/Config/Windows/Scalability.ini]
[2019.01.14-02.47.01:794][  0]LogConfig: Setting CVar [[r.PostProcessAAQuality:4]]
[2019.01.14-02.47.01:794][  0]LogConfig: Applying CVar settings from Section [ShadowQuality@3] File [C:/Users/user/Documents/Unreal Projects/BountyDash/Saved/Config/Windows/Scalability.ini]
[2019.01.14-02.47.01:794][  0]LogConfig: Setting CVar [[r.LightFunctionQuality:1]]
[2019.01.14-02.47.01:794][  0]LogConfig: Setting CVar [[r.ShadowQuality:5]]
[2019.01.14-02.47.01:794][  0]LogConfig: Setting CVar [[r.Shadow.CSM.MaxCascades:10]]
[2019.01.14-02.47.01:794][  0]LogConfig: Setting CVar [[r.Shadow.MaxResolution:2048]]
[2019.01.14-02.47.01:795][  0]LogConfig: Setting CVar [[r.Shadow.MaxCSMResolution:2048]]
[2019.01.14-02.47.01:795][  0]LogConfig: Setting CVar [[r.Shadow.RadiusThreshold:0.01]]
[2019.01.14-02.47.01:795][  0]LogConfig: Setting CVar [[r.Shadow.DistanceScale:1.0]]
[2019.01.14-02.47.01:795][  0]LogConfig: Setting CVar [[r.Shadow.CSM.TransitionScale:1.0]]
[2019.01.14-02.47.01:795][  0]LogConfig: Setting CVar [[r.Shadow.PreShadowResolutionFactor:1.0]]
[2019.01.14-02.47.01:795][  0]LogConfig: Setting CVar [[r.DistanceFieldShadowing:1]]
[2019.01.14-02.47.01:795][  0]LogConfig: Setting CVar [[r.DistanceFieldAO:1]]
[2019.01.14-02.47.01:795][  0]LogConfig: Setting CVar [[r.AOQuality:2]]
[2019.01.14-02.47.01:795][  0]LogConfig: Setting CVar [[r.VolumetricFog:1]]
[2019.01.14-02.47.01:795][  0]LogConfig: Setting CVar [[r.VolumetricFog.GridPixelSize:8]]
[2019.01.14-02.47.01:795][  0]LogConfig: Setting CVar [[r.VolumetricFog.GridSizeZ:128]]
[2019.01.14-02.47.01:795][  0]LogConfig: Setting CVar [[r.VolumetricFog.HistoryMissSupersampleCount:4]]
[2019.01.14-02.47.01:795][  0]LogConfig: Setting CVar [[r.LightMaxDrawDistanceScale:1]]
[2019.01.14-02.47.01:795][  0]LogConfig: Setting CVar [[r.CapsuleShadows:1]]
[2019.01.14-02.47.01:795][  0]LogConfig: Applying CVar settings from Section [PostProcessQuality@3] File [C:/Users/user/Documents/Unreal Projects/BountyDash/Saved/Config/Windows/Scalability.ini]
[2019.01.14-02.47.01:795][  0]LogConfig: Setting CVar [[r.MotionBlurQuality:4]]
[2019.01.14-02.47.01:795][  0]LogConfig: Setting CVar [[r.AmbientOcclusionMipLevelFactor:0.4]]
[2019.01.14-02.47.01:795][  0]LogConfig: Setting CVar [[r.AmbientOcclusionMaxQuality:100]]
[2019.01.14-02.47.01:795][  0]LogConfig: Setting CVar [[r.AmbientOcclusionLevels:-1]]
[2019.01.14-02.47.01:795][  0]LogConfig: Setting CVar [[r.AmbientOcclusionRadiusScale:1.0]]
[2019.01.14-02.47.01:795][  0]LogConfig: Setting CVar [[r.DepthOfFieldQuality:2]]
[2019.01.14-02.47.01:795][  0]LogConfig: Setting CVar [[r.RenderTargetPoolMin:400]]
[2019.01.14-02.47.01:795][  0]LogConfig: Setting CVar [[r.LensFlareQuality:2]]
[2019.01.14-02.47.01:795][  0]LogConfig: Setting CVar [[r.SceneColorFringeQuality:1]]
[2019.01.14-02.47.01:795][  0]LogConfig: Setting CVar [[r.EyeAdaptationQuality:2]]
[2019.01.14-02.47.01:795][  0]LogConfig: Setting CVar [[r.BloomQuality:5]]
[2019.01.14-02.47.01:795][  0]LogConfig: Setting CVar [[r.FastBlurThreshold:100]]
[2019.01.14-02.47.01:795][  0]LogConfig: Setting CVar [[r.Upscale.Quality:3]]
[2019.01.14-02.47.01:795][  0]LogConfig: Setting CVar [[r.Tonemapper.GrainQuantization:1]]
[2019.01.14-02.47.01:795][  0]LogConfig: Setting CVar [[r.LightShaftQuality:1]]
[2019.01.14-02.47.01:795][  0]LogConfig: Setting CVar [[r.Filter.SizeScale:1]]
[2019.01.14-02.47.01:795][  0]LogConfig: Setting CVar [[r.Tonemapper.Quality:5]]
[2019.01.14-02.47.01:795][  0]LogConfig: Setting CVar [[r.DOF.Gather.AccumulatorQuality:1        ; higher gathering accumulator quality]]
[2019.01.14-02.47.01:795][  0]LogConfig: Setting CVar [[r.DOF.Gather.PostfilterMethod:1          ; Median3x3 postfilering method]]
[2019.01.14-02.47.01:795][  0]LogConfig: Setting CVar [[r.DOF.Gather.EnableBokehSettings:0       ; no bokeh simulation when gathering]]
[2019.01.14-02.47.01:795][  0]LogConfig: Setting CVar [[r.DOF.Gather.RingCount:4                 ; medium number of samples when gathering]]
[2019.01.14-02.47.01:795][  0]LogConfig: Setting CVar [[r.DOF.Scatter.ForegroundCompositing:1    ; additive foreground scattering]]
[2019.01.14-02.47.01:795][  0]LogConfig: Setting CVar [[r.DOF.Scatter.BackgroundCompositing:2    ; additive background scattering]]
[2019.01.14-02.47.01:795][  0]LogConfig: Setting CVar [[r.DOF.Scatter.EnableBokehSettings:1      ; bokeh simulation when scattering]]
[2019.01.14-02.47.01:795][  0]LogConfig: Setting CVar [[r.DOF.Scatter.MaxSpriteRatio:0.1         ; only a maximum of 10% of scattered bokeh]]
[2019.01.14-02.47.01:795][  0]LogConfig: Setting CVar [[r.DOF.Recombine.Quality:1                ; cheap slight out of focus]]
[2019.01.14-02.47.01:795][  0]LogConfig: Setting CVar [[r.DOF.Recombine.EnableBokehSettings:0    ; no bokeh simulation on slight out of focus]]
[2019.01.14-02.47.01:795][  0]LogConfig: Setting CVar [[r.DOF.TemporalAAQuality:1                ; more stable temporal accumulation]]
[2019.01.14-02.47.01:795][  0]LogConfig: Setting CVar [[r.DOF.Kernel.MaxForegroundRadius:0.025]]
[2019.01.14-02.47.01:795][  0]LogConfig: Setting CVar [[r.DOF.Kernel.MaxBackgroundRadius:0.025]]
[2019.01.14-02.47.01:795][  0]LogConfig: Applying CVar settings from Section [TextureQuality@3] File [C:/Users/user/Documents/Unreal Projects/BountyDash/Saved/Config/Windows/Scalability.ini]
[2019.01.14-02.47.01:795][  0]LogConfig: Setting CVar [[r.Streaming.MipBias:0]]
[2019.01.14-02.47.01:795][  0]LogConfig: Setting CVar [[r.Streaming.AmortizeCPUToGPUCopy:0]]
[2019.01.14-02.47.01:795][  0]LogConfig: Setting CVar [[r.Streaming.MaxNumTexturesToStreamPerFrame:0]]
[2019.01.14-02.47.01:795][  0]LogConfig: Setting CVar [[r.Streaming.Boost:1]]
[2019.01.14-02.47.01:795][  0]LogConfig: Setting CVar [[r.MaxAnisotropy:8]]
[2019.01.14-02.47.01:795][  0]LogConfig: Setting CVar [[r.Streaming.LimitPoolSizeToVRAM:0]]
[2019.01.14-02.47.01:795][  0]LogConfig: Setting CVar [[r.Streaming.PoolSize:1000]]
[2019.01.14-02.47.01:795][  0]LogConfig: Setting CVar [[r.Streaming.MaxEffectiveScreenSize:0]]
[2019.01.14-02.47.01:795][  0]LogConfig: Applying CVar settings from Section [EffectsQuality@3] File [C:/Users/user/Documents/Unreal Projects/BountyDash/Saved/Config/Windows/Scalability.ini]
[2019.01.14-02.47.01:795][  0]LogConfig: Setting CVar [[r.TranslucencyLightingVolumeDim:64]]
[2019.01.14-02.47.01:795][  0]LogConfig: Setting CVar [[r.RefractionQuality:2]]
[2019.01.14-02.47.01:795][  0]LogConfig: Setting CVar [[r.SSR.Quality:3]]
[2019.01.14-02.47.01:795][  0]LogConfig: Setting CVar [[r.SceneColorFormat:4]]
[2019.01.14-02.47.01:795][  0]LogConfig: Setting CVar [[r.DetailMode:2]]
[2019.01.14-02.47.01:795][  0]LogConfig: Setting CVar [[r.TranslucencyVolumeBlur:1]]
[2019.01.14-02.47.01:795][  0]LogConfig: Setting CVar [[r.MaterialQualityLevel:1 ; High quality]]
[2019.01.14-02.47.01:795][  0]LogConfig: Setting CVar [[r.SSS.Scale:1]]
[2019.01.14-02.47.01:795][  0]LogConfig: Setting CVar [[r.SSS.SampleSet:2]]
[2019.01.14-02.47.01:795][  0]LogConfig: Setting CVar [[r.SSS.Quality:1]]
[2019.01.14-02.47.01:795][  0]LogConfig: Setting CVar [[r.SSS.HalfRes:1]]
[2019.01.14-02.47.01:795][  0]LogConfig: Setting CVar [[r.EmitterSpawnRateScale:1.0]]
[2019.01.14-02.47.01:795][  0]LogConfig: Setting CVar [[r.ParticleLightQuality:2]]
[2019.01.14-02.47.01:795][  0]LogConfig: Applying CVar settings from Section [FoliageQuality@3] File [C:/Users/user/Documents/Unreal Projects/BountyDash/Saved/Config/Windows/Scalability.ini]
[2019.01.14-02.47.01:795][  0]LogConfig: Setting CVar [[foliage.DensityScale:1.0]]
[2019.01.14-02.47.01:795][  0]LogConfig: Setting CVar [[grass.DensityScale:1.0]]
[2019.01.14-02.47.01:795][  0]LogConfig: Applying CVar settings from Section [Startup] File [../../../Engine/Config/ConsoleVariables.ini]
[2019.01.14-02.47.01:795][  0]LogConfig: Setting CVar [[net.UseAdaptiveNetUpdateFrequency:0]]
[2019.01.14-02.47.01:795][  0]LogConfig: Applying CVar settings from Section [ConsoleVariables] File [C:/Users/user/Documents/Unreal Projects/BountyDash/Saved/Config/Windows/Engine.ini]
[2019.01.14-02.47.01:796][  0]LogInit: Computer: DESKTOP-RQ4MHCV
[2019.01.14-02.47.01:796][  0]LogInit: User: user
[2019.01.14-02.47.01:796][  0]LogInit: CPU Page size=4096, Cores=6
[2019.01.14-02.47.01:796][  0]LogInit: High frequency timer resolution =2.929695 MHz
[2019.01.14-02.47.01:796][  0]LogMemory: Memory total: Physical=15.9GB (16GB approx)
[2019.01.14-02.47.01:796][  0]LogMemory: Platform Memory Stats for Windows
[2019.01.14-02.47.01:796][  0]LogMemory: Process Physical Memory: 102.61 MB used, 102.61 MB peak
[2019.01.14-02.47.01:796][  0]LogMemory: Process Virtual Memory: 85.05 MB used, 85.05 MB peak
[2019.01.14-02.47.01:796][  0]LogMemory: Physical Memory: 6468.63 MB used,  9836.20 MB free, 16304.83 MB total
[2019.01.14-02.47.01:796][  0]LogMemory: Virtual Memory: 4642.54 MB used,  134213088.00 MB free, 134217728.00 MB total
[2019.01.14-02.47.01:813][  0]LogInit: Using OS detected language (ko-KR).
[2019.01.14-02.47.01:813][  0]LogInit: Using OS detected locale (ko-KR).
[2019.01.14-02.47.01:814][  0]LogTextLocalizationManager: No specific localization for 'ko-KR' exists, so the 'ko' localization will be used.
[2019.01.14-02.47.02:116][  0]LogStreaming: Display: Took  0.303s to InitEngineTextLocalization.
[2019.01.14-02.47.02:116][  0]LogInit: Setting process to per monitor DPI aware
[2019.01.14-02.47.02:138][  0]LogSlate: New Slate User Created.  User Index 0, Is Virtual User: 0
[2019.01.14-02.47.02:138][  0]LogSlate: Slate User Registered.  User Index 0, Is Virtual User: 0
[2019.01.14-02.47.02:313][  0]LogHMD: Failed to initialize OpenVR with code 110
[2019.01.14-02.47.02:313][  0]LogD3D11RHI: D3D11 adapters:
[2019.01.14-02.47.02:372][  0]LogD3D11RHI:    0. 'NVIDIA GeForce GTX 1050' (Feature Level 11_0)
[2019.01.14-02.47.02:372][  0]LogD3D11RHI:       1987/0/8152 MB DedicatedVideo/DedicatedSystem/SharedSystem, Outputs:2, VendorId:0x10de
[2019.01.14-02.47.02:373][  0]LogD3D11RHI:    1. 'Microsoft Basic Render Driver' (Feature Level 11_0)
[2019.01.14-02.47.02:374][  0]LogD3D11RHI:       0/0/8152 MB DedicatedVideo/DedicatedSystem/SharedSystem, Outputs:0, VendorId:0x1414
[2019.01.14-02.47.02:374][  0]LogD3D11RHI: Chosen D3D11 Adapter: 0
[2019.01.14-02.47.02:379][  0]LogD3D11RHI: Creating new Direct3DDevice
[2019.01.14-02.47.02:379][  0]LogD3D11RHI:     GPU DeviceId: 0x1c81 (for the marketing name, search the web for "GPU Device Id")
[2019.01.14-02.47.02:379][  0]LogWindows: EnumDisplayDevices:
[2019.01.14-02.47.02:379][  0]LogWindows:    0. 'NVIDIA GeForce GTX 1050' (P:1 D:1)
[2019.01.14-02.47.02:380][  0]LogWindows:    1. 'NVIDIA GeForce GTX 1050' (P:0 D:1)
[2019.01.14-02.47.02:381][  0]LogWindows:    2. 'NVIDIA GeForce GTX 1050' (P:0 D:0)
[2019.01.14-02.47.02:381][  0]LogWindows:    3. 'NVIDIA GeForce GTX 1050' (P:0 D:0)
[2019.01.14-02.47.02:382][  0]LogWindows: DebugString: FoundDriverCount:4 
[2019.01.14-02.47.02:382][  0]LogD3D11RHI:     Adapter Name: NVIDIA GeForce GTX 1050
[2019.01.14-02.47.02:382][  0]LogD3D11RHI:   Driver Version: 388.13 (internal:23.21.13.8813, unified:388.13)
[2019.01.14-02.47.02:382][  0]LogD3D11RHI:      Driver Date: 10-27-2017
[2019.01.14-02.47.02:382][  0]LogRHI: Texture pool is 1391 MB (70% of 1987 MB)
[2019.01.14-02.47.02:406][  0]LogD3D11RHI: Async texture creation enabled
[2019.01.14-02.47.02:416][  0]LogD3D11RHI: GPU Timing Frequency: 1000.000000 (Debug: 2 1)
[2019.01.14-02.47.02:827][  0]LogTemp: Display: Loaded TP AllDesktopTargetPlatform
[2019.01.14-02.47.02:836][  0]LogTemp: Display: Loaded TP MacClientTargetPlatform
[2019.01.14-02.47.02:846][  0]LogTemp: Display: Loaded TP MacNoEditorTargetPlatform
[2019.01.14-02.47.02:856][  0]LogTemp: Display: Loaded TP MacServerTargetPlatform
[2019.01.14-02.47.02:866][  0]LogTemp: Display: Loaded TP MacTargetPlatform
[2019.01.14-02.47.02:875][  0]LogTemp: Display: Loaded TP WindowsClientTargetPlatform
[2019.01.14-02.47.02:885][  0]LogTemp: Display: Loaded TP WindowsNoEditorTargetPlatform
[2019.01.14-02.47.02:894][  0]LogTemp: Display: Loaded TP WindowsServerTargetPlatform
[2019.01.14-02.47.02:899][  0]LogTemp: Display: Loaded TP WindowsTargetPlatform
[2019.01.14-02.47.02:956][  0]LogTemp: Display: Loaded TP AndroidTargetPlatform
[2019.01.14-02.47.02:956][  0]LogTemp: Display: Loaded TP AndroidTargetPlatform
[2019.01.14-02.47.02:956][  0]LogTemp: Display: Loaded TP AndroidTargetPlatform
[2019.01.14-02.47.02:956][  0]LogTemp: Display: Loaded TP AndroidTargetPlatform
[2019.01.14-02.47.02:956][  0]LogTemp: Display: Loaded TP AndroidTargetPlatform
[2019.01.14-02.47.02:956][  0]LogTemp: Display: Loaded TP AndroidTargetPlatform
[2019.01.14-02.47.02:956][  0]LogTemp: Display: Loaded TP AndroidTargetPlatform
[2019.01.14-02.47.02:956][  0]LogTemp: Display: Loaded TP AndroidTargetPlatform
[2019.01.14-02.47.02:956][  0]LogTemp: Display: Loaded TP AndroidTargetPlatform
[2019.01.14-02.47.02:956][  0]LogTemp: Display: Loaded TP AndroidTargetPlatform
[2019.01.14-02.47.02:956][  0]LogTemp: Display: Loaded TP AndroidTargetPlatform
[2019.01.14-02.47.02:956][  0]LogTemp: Display: Loaded TP AndroidTargetPlatform
[2019.01.14-02.47.02:956][  0]LogTemp: Display: Loaded TP AndroidTargetPlatform
[2019.01.14-02.47.02:956][  0]LogTemp: Display: Loaded TP AndroidTargetPlatform
[2019.01.14-02.47.02:956][  0]LogTemp: Display: Loaded TP AndroidTargetPlatform
[2019.01.14-02.47.02:956][  0]LogTemp: Display: Loaded TP AndroidTargetPlatform
[2019.01.14-02.47.02:956][  0]LogTemp: Display: Loaded TP AndroidTargetPlatform
[2019.01.14-02.47.02:956][  0]LogTemp: Display: Loaded TP AndroidTargetPlatform
[2019.01.14-02.47.02:957][  0]LogTemp: Display: Loaded TP HTML5TargetPlatform
[2019.01.14-02.47.03:011][  0]LogTemp: Display: Loaded TP IOSTargetPlatform
[2019.01.14-02.47.03:011][  0]LogTemp: Display: Loaded TP IOSTargetPlatform
[2019.01.14-02.47.03:028][  0]LogTemp: Display: Loaded TP TVOSTargetPlatform
[2019.01.14-02.47.03:029][  0]LogTemp: Display: Loaded TP TVOSTargetPlatform
[2019.01.14-02.47.03:038][  0]LogTemp: Display: Loaded TP LinuxClientTargetPlatform
[2019.01.14-02.47.03:047][  0]LogTemp: Display: Loaded TP LinuxNoEditorTargetPlatform
[2019.01.14-02.47.03:057][  0]LogTemp: Display: Loaded TP LinuxServerTargetPlatform
[2019.01.14-02.47.03:067][  0]LogTemp: Display: Loaded TP LinuxTargetPlatform
[2019.01.14-02.47.03:101][  0]LogTemp: Display: Loaded TP LuminTargetPlatform
[2019.01.14-02.47.03:101][  0]LogTemp: Display: Loaded TP LuminTargetPlatform
[2019.01.14-02.47.03:101][  0]LogTargetPlatformManager: Display: Building Assets For Windows
[2019.01.14-02.47.03:137][  0]LogShaderCompilers: Guid format shader working directory is -6 characters bigger than the processId version (C:/Users/user/Documents/Unreal Projects/BountyDash/Intermediate/Shaders/WorkingDirectory/10784/).
[2019.01.14-02.47.03:137][  0]LogShaderCompilers: Cleaned the shader compiler working directory 'C:/Users/user/AppData/Local/Temp/UnrealShaderWorkingDir/BF73BBC44D465332E472E1B070582234/'.
[2019.01.14-02.47.03:138][  0]LogXGEController: Cannot use XGE Controller as Incredibuild is not installed on this machine.
[2019.01.14-02.47.03:138][  0]LogShaderCompilers: Cannot use XGE Shader Compiler as Incredibuild is not installed on this machine.
[2019.01.14-02.47.03:138][  0]LogShaderCompilers: Display: Using Local Shader Compiler.
[2019.01.14-02.47.03:572][  0]LogDerivedDataCache: Display: Max Cache Size: 512 MB
[2019.01.14-02.47.03:623][  0]LogDerivedDataCache: Loaded boot cache 0.05s 71MB C:/Users/user/AppData/Local/UnrealEngine/4.21/DerivedDataCache/Boot.ddc.
[2019.01.14-02.47.03:623][  0]LogDerivedDataCache: Display: Loaded Boot cache: C:/Users/user/AppData/Local/UnrealEngine/4.21/DerivedDataCache/Boot.ddc
[2019.01.14-02.47.03:623][  0]LogDerivedDataCache: FDerivedDataBackendGraph:  Pak pak cache file C:/Users/user/Documents/Unreal Projects/BountyDash/DerivedDataCache/DDC.ddp not found, will not use a pak cache.
[2019.01.14-02.47.03:623][  0]LogDerivedDataCache: Unable to find inner node Pak for hierarchical cache Hierarchy.
[2019.01.14-02.47.03:623][  0]LogDerivedDataCache: FDerivedDataBackendGraph:  CompressedPak pak cache file C:/Users/user/Documents/Unreal Projects/BountyDash/DerivedDataCache/Compressed.ddp not found, will not use a pak cache.
[2019.01.14-02.47.03:623][  0]LogDerivedDataCache: Unable to find inner node CompressedPak for hierarchical cache Hierarchy.
[2019.01.14-02.47.03:634][  0]LogDerivedDataCache: Display: Pak cache opened for reading ../../../Engine/DerivedDataCache/Compressed.ddp.
[2019.01.14-02.47.03:634][  0]LogDerivedDataCache: FDerivedDataBackendGraph:  EnterprisePak pak cache file ../../../Enterprise/DerivedDataCache/Compressed.ddp not found, will not use a pak cache.
[2019.01.14-02.47.03:634][  0]LogDerivedDataCache: Unable to find inner node EnterprisePak for hierarchical cache Hierarchy.
[2019.01.14-02.47.03:646][  0]LogDerivedDataCache: Using Local data cache path C:/Users/user/AppData/Local/UnrealEngine/Common/DerivedDataCache: Writable
[2019.01.14-02.47.03:646][  0]LogDerivedDataCache: Shared data cache path not found in *engine.ini, will not use an Shared cache.
[2019.01.14-02.47.03:646][  0]LogDerivedDataCache: Unable to find inner node Shared for hierarchical cache Hierarchy.
[2019.01.14-02.47.03:664][  0]LogMaterial: Verifying Global Shaders for PCD3D_SM5
[2019.01.14-02.47.03:665][  0]LogSlate: Using FreeType 2.6.0
[2019.01.14-02.47.03:665][  0]LogSlate: SlateFontServices - WITH_FREETYPE: 1, WITH_HARFBUZZ: 1
[2019.01.14-02.47.03:740][  0]LogAssetRegistry: FAssetRegistry took 0.0310 seconds to start up
[2019.01.14-02.47.03:988][  0]LogInit: Selected Device Profile: [Windows]
[2019.01.14-02.47.04:036][  0]LogSimplygon: Simplygon DLL not present - disabling.
[2019.01.14-02.47.04:039][  0]LogMeshReduction: Using SimplygonSwarm for distributed automatic mesh merging
[2019.01.14-02.47.04:039][  0]LogMeshReduction: Using ProxyLODMeshReduction for automatic mesh merging
[2019.01.14-02.47.04:039][  0]LogMeshReduction: Using QuadricMeshReduction for automatic static mesh reduction
[2019.01.14-02.47.04:039][  0]LogMeshReduction: No automatic skeletal mesh reduction module available
[2019.01.14-02.47.04:117][  0]LogNetVersion: BountyDash 1.0.0, NetCL: 4541578, EngineNetVer: 5, GameNetVer: 0 (Checksum: 3339346427)
[2019.01.14-02.47.04:517][  0]LogPackageLocalizationCache: Processed 11 localized package path(s) for 2 prioritized culture(s) in 0.077464 seconds
[2019.01.14-02.47.04:523][  0]LogUObjectArray: 39775 objects as part of root set at end of initial load.
[2019.01.14-02.47.04:523][  0]LogUObjectAllocator: 6914664 out of 0 bytes used by permanent object pool.
[2019.01.14-02.47.04:523][  0]LogUObjectArray: CloseDisregardForGC: 0/0 objects in disregard for GC pool
[2019.01.14-02.47.05:214][  0]LogTcpMessaging: Initializing TcpMessaging bridge
[2019.01.14-02.47.05:227][  0]LogUdpMessaging: Initializing bridge on interface 0.0.0.0:0 to multicast group 230.0.0.1:6666.
[2019.01.14-02.47.05:799][  0]SourceControl: 소스 컨트롤이 꺼졌습니다.
[2019.01.14-02.47.05:799][  0]SourceControl: 소스 컨트롤이 꺼졌습니다.
[2019.01.14-02.47.05:800][  0]SourceControl: 소스 컨트롤이 꺼졌습니다.
[2019.01.14-02.47.05:801][  0]SourceControl: 소스 컨트롤이 꺼졌습니다.
[2019.01.14-02.47.05:945][  0]LogAndroidPermission: UAndroidPermissionCallbackProxy::GetInstance
[2019.01.14-02.47.05:982][  0]LogOcInput: OculusInput pre-init called
[2019.01.14-02.47.06:101][  0]LogEngine: Initializing Engine...
[2019.01.14-02.47.06:102][  0]LogHMD: Failed to initialize OpenVR with code 110
[2019.01.14-02.47.06:103][  0]LogStats: UGameplayTagsManager::ConstructGameplayTagTree: ImportINI prefixes -  0.000 s
[2019.01.14-02.47.06:103][  0]LogStats: UGameplayTagsManager::ConstructGameplayTagTree: Construct from data asset -  0.000 s
[2019.01.14-02.47.06:103][  0]LogStats: UGameplayTagsManager::ConstructGameplayTagTree: ImportINI -  0.000 s
[2019.01.14-02.47.06:103][  0]LogStats: UGameplayTagsManager::ConstructGameplayTagTree: GameplayTagTreeChangedEvent.Broadcast -  0.000 s
[2019.01.14-02.47.06:288][  0]LogInit: Initializing FReadOnlyCVARCache
[2019.01.14-02.47.06:298][  0]LogAIModule: Creating AISystem for world Untitled
[2019.01.14-02.47.06:305][  0]LogInit: No audio devices found!
[2019.01.14-02.47.06:305][  0]LogNetVersion: Set ProjectVersion to 1.0.0.0. Version Checksum will be recalculated on next use.
[2019.01.14-02.47.06:471][  0]LogDerivedDataCache: Saved boot cache 0.17s 71MB C:/Users/user/AppData/Local/UnrealEngine/4.21/DerivedDataCache/Boot.ddc.
[2019.01.14-02.47.06:482][  0]LogInit: Texture streaming: Enabled
[2019.01.14-02.47.06:495][  0]LogEngineSessionManager: EngineSessionManager initialized
[2019.01.14-02.47.06:504][  0]LogInit: Transaction tracking system initialized
[2019.01.14-02.47.06:518][  0]BlueprintLog: New page: 에디터 로드
[2019.01.14-02.47.06:562][  0]LocalizationService: 현지화 서비스가 비활성화되었습니다.
[2019.01.14-02.47.06:902][  0]LogFileCache: Scanning file cache for directory 'C:/Users/user/Documents/Unreal Projects/BountyDash/Content/' took 0.01s
[2019.01.14-02.47.06:902][  0]LogCook: Display: Max memory allowance for cook 16384mb min free memory 0mb
[2019.01.14-02.47.06:902][  0]LogCook: Display: Mobile HDR setting 1
[2019.01.14-02.47.06:902][  0]LogGameplayTags: Display: UGameplayTagsManager::DoneAddingNativeTags. DelegateIsBound: 0
[2019.01.14-02.47.06:902][  0]LogStats: UGameplayTagsManager::ConstructGameplayTagTree: ImportINI prefixes -  0.000 s
[2019.01.14-02.47.06:902][  0]LogStats: UGameplayTagsManager::ConstructGameplayTagTree: Construct from data asset -  0.000 s
[2019.01.14-02.47.06:902][  0]LogStats: UGameplayTagsManager::ConstructGameplayTagTree: ImportINI -  0.000 s
[2019.01.14-02.47.06:902][  0]LogStats: UGameplayTagsManager::ConstructGameplayTagTree: GameplayTagTreeChangedEvent.Broadcast -  0.000 s
[2019.01.14-02.47.06:985][  0]SourceControl: 소스 컨트롤이 꺼졌습니다.
[2019.01.14-02.47.06:986][  0]Cmd: MAP LOAD FILE="C:/Users/user/Documents/Unreal Projects/BountyDash/Content/StarterContent/Maps/Minimal_Default.umap" TEMPLATE=0 SHOWPROGRESS=1 FEATURELEVEL=3
[2019.01.14-02.47.06:986][  0]LightingResults: New page: 라이팅 빌드
[2019.01.14-02.47.06:987][  0]MapCheck: New page: 맵 체크
[2019.01.14-02.47.06:987][  0]LightingResults: New page: 라이팅 빌드
[2019.01.14-02.47.07:227][  0]LogAIModule: Creating AISystem for world Minimal_Default
[2019.01.14-02.47.07:233][  0]LogEditorServer: Finished looking for orphan Actors (0.000 secs)
[2019.01.14-02.47.07:254][  0]Cmd: MAP CHECKDEP NOCLEARLOG
[2019.01.14-02.47.07:254][  0]MapCheck: 맵 체크 완료: 오류 0 회, 경고 0 회, 소요 시간 0.133ms.
[2019.01.14-02.47.07:254][  0]LogFileHelpers: Loading map 'Minimal_Default' took 0.269
[2019.01.14-02.47.07:334][  0]LogSlate: Updating window title bar state: overlay mode, drag disabled, window buttons hidden, title bar hidden
[2019.01.14-02.47.07:340][  0]LogSlate: Updating window title bar state: overlay mode, drag disabled, window buttons hidden, title bar hidden
[2019.01.14-02.47.07:347][  0]LogSlate: Updating window title bar state: overlay mode, drag disabled, window buttons hidden, title bar hidden
[2019.01.14-02.47.07:352][  0]LogSlate: Updating window title bar state: overlay mode, drag disabled, window buttons hidden, title bar hidden
[2019.01.14-02.47.07:356][  0]LogCollectionManager: Loaded 0 collections in 0.000745 seconds
[2019.01.14-02.47.07:370][  0]LogFileCache: Scanning file cache for directory 'C:/Users/user/Documents/Unreal Projects/BountyDash/Saved/Collections/' took 0.01s
[2019.01.14-02.47.07:370][  0]LogFileCache: Scanning file cache for directory 'C:/Users/user/Documents/Unreal Projects/BountyDash/Content/Developers/user/Collections/' took 0.00s
[2019.01.14-02.47.07:371][  0]LogFileCache: Scanning file cache for directory 'C:/Users/user/Documents/Unreal Projects/BountyDash/Content/Collections/' took 0.00s
[2019.01.14-02.47.07:371][  0]LogCollectionManager: Rebuilt the GUID cache for 0 collections in 0.000000 seconds
[2019.01.14-02.47.07:378][  0]LogContentBrowser: Native class hierarchy populated in 0.0073 seconds. Added 2653 classes and 622 folders.
[2019.01.14-02.47.07:382][  0]LogContentBrowser: Native class hierarchy updated for 'WidgetCarousel' in 0.0003 seconds. Added 0 classes and 0 folders.
[2019.01.14-02.47.07:383][  0]LogPakFile: Registered encryption key '00000000000000000000000000000000': 0 pak files mounted, 0 remain pending
[2019.01.14-02.47.07:383][  0]LogPakFile: Registered encryption key '00000000000000000000000000000000': 0 pak files mounted, 0 remain pending
[2019.01.14-02.47.07:384][  0]LogPakFile: Registered encryption key '00000000000000000000000000000000': 0 pak files mounted, 0 remain pending
[2019.01.14-02.47.07:384][  0]LogPakFile: Registered encryption key '00000000000000000000000000000000': 0 pak files mounted, 0 remain pending
[2019.01.14-02.47.07:384][  0]LogPakFile: Registered encryption key '00000000000000000000000000000000': 0 pak files mounted, 0 remain pending
[2019.01.14-02.47.07:385][  0]LogPakFile: Registered encryption key '00000000000000000000000000000000': 0 pak files mounted, 0 remain pending
[2019.01.14-02.47.07:385][  0]LogPakFile: Registered encryption key '00000000000000000000000000000000': 0 pak files mounted, 0 remain pending
[2019.01.14-02.47.07:385][  0]LogPakFile: Registered encryption key '00000000000000000000000000000000': 0 pak files mounted, 0 remain pending
[2019.01.14-02.47.07:386][  0]LogPakFile: Registered encryption key '00000000000000000000000000000000': 0 pak files mounted, 0 remain pending
[2019.01.14-02.47.07:386][  0]LogPakFile: Registered encryption key '00000000000000000000000000000000': 0 pak files mounted, 0 remain pending
[2019.01.14-02.47.07:387][  0]LogPakFile: Registered encryption key '00000000000000000000000000000000': 0 pak files mounted, 0 remain pending
[2019.01.14-02.47.07:387][  0]LogPakFile: Registered encryption key '00000000000000000000000000000000': 0 pak files mounted, 0 remain pending
[2019.01.14-02.47.07:387][  0]LogPakFile: Registered encryption key '00000000000000000000000000000000': 0 pak files mounted, 0 remain pending
[2019.01.14-02.47.07:388][  0]LogPakFile: Registered encryption key '00000000000000000000000000000000': 0 pak files mounted, 0 remain pending
[2019.01.14-02.47.07:388][  0]LogPakFile: Registered encryption key '00000000000000000000000000000000': 0 pak files mounted, 0 remain pending
[2019.01.14-02.47.07:388][  0]LogPakFile: Registered encryption key '00000000000000000000000000000000': 0 pak files mounted, 0 remain pending
[2019.01.14-02.47.07:389][  0]LogPakFile: Registered encryption key '00000000000000000000000000000000': 0 pak files mounted, 0 remain pending
[2019.01.14-02.47.07:389][  0]LogPakFile: Registered encryption key '00000000000000000000000000000000': 0 pak files mounted, 0 remain pending
[2019.01.14-02.47.07:389][  0]LogPakFile: Registered encryption key '00000000000000000000000000000000': 0 pak files mounted, 0 remain pending
[2019.01.14-02.47.07:390][  0]LogPakFile: Registered encryption key '00000000000000000000000000000000': 0 pak files mounted, 0 remain pending
[2019.01.14-02.47.07:390][  0]LogPakFile: Registered encryption key '00000000000000000000000000000000': 0 pak files mounted, 0 remain pending
[2019.01.14-02.47.07:391][  0]LogPakFile: Registered encryption key '00000000000000000000000000000000': 0 pak files mounted, 0 remain pending
[2019.01.14-02.47.07:391][  0]LogPakFile: Registered encryption key '00000000000000000000000000000000': 0 pak files mounted, 0 remain pending
[2019.01.14-02.47.07:391][  0]LogPakFile: Registered encryption key '00000000000000000000000000000000': 0 pak files mounted, 0 remain pending
[2019.01.14-02.47.07:392][  0]LogPakFile: Registered encryption key '00000000000000000000000000000000': 0 pak files mounted, 0 remain pending
[2019.01.14-02.47.07:392][  0]LogPakFile: Registered encryption key '00000000000000000000000000000000': 0 pak files mounted, 0 remain pending
[2019.01.14-02.47.07:417][  0]LogContentBrowser: Native class hierarchy updated for 'AddContentDialog' in 0.0003 seconds. Added 0 classes and 0 folders.
[2019.01.14-02.47.07:420][  0]LogContentBrowser: Native class hierarchy updated for 'SceneOutliner' in 0.0003 seconds. Added 1 classes and 2 folders.
[2019.01.14-02.47.07:472][  0]LogSlate: Took 0.000217 seconds to synchronously load lazily loaded font '../../../Engine/Content/Slate/Fonts/Roboto-Regular.ttf' (155K)
[2019.01.14-02.47.07:476][  0]LogSlate: Took 0.003640 seconds to synchronously load lazily loaded font '../../../Engine/Content/Editor/Slate/Fonts/NanumGothic.ttf' (4243K)
[2019.01.14-02.47.07:481][  0]LogSlate: Took 0.003260 seconds to synchronously load lazily loaded font '../../../Engine/Content/Editor/Slate/Fonts/NanumGothicBold.ttf' (4188K)
[2019.01.14-02.47.07:481][  0]LogSlate: Took 0.000139 seconds to synchronously load lazily loaded font '../../../Engine/Content/Slate/Fonts/Roboto-Bold.ttf' (160K)
[2019.01.14-02.47.07:484][  0]LogSlate: Took 0.000138 seconds to synchronously load lazily loaded font '../../../Engine/Content/Editor/Slate/Fonts/FontAwesome.ttf' (139K)
[2019.01.14-02.47.07:545][  0]LogRenderer: Reallocating scene render targets to support 1148x732 Format 10 NumSamples 1 (Frame:1).
[2019.01.14-02.47.07:641][  0]LogContentBrowser: Native class hierarchy updated for 'HierarchicalLODOutliner' in 0.0004 seconds. Added 0 classes and 0 folders.
[2019.01.14-02.47.07:641][  0]LogLoad: (Engine Initialization) Total time: 7.20 seconds
[2019.01.14-02.47.07:641][  0]LogLoad: (Engine Initialization) Total Blueprint compile time: 0.00 seconds
[2019.01.14-02.47.07:654][  0]LogWindowsTextInputMethodSystem: Display: IME system now activated using TSF (Microsoft 입력기).
[2019.01.14-02.47.07:709][  0]LogContentStreaming: Texture pool size now 1000 MB
[2019.01.14-02.47.07:744][  1]LogAssetRegistry: Asset discovery search completed in 4.0257 seconds
[2019.01.14-02.47.07:745][  1]LogCollectionManager: Rebuilt the object cache for 0 collections in 0.000001 seconds (found 0 objects)
[2019.01.14-02.47.07:746][  1]LogCollectionManager: Fixed up redirectors for 0 collections in 0.000069 seconds (updated 0 objects)
[2019.01.14-02.47.11:729][473]LogSlate: Took 0.000114 seconds to synchronously load lazily loaded font '../../../Engine/Content/Slate/Fonts/Roboto-Light.ttf' (167K)
[2019.01.14-02.48.44:373][863]LogSlate: FSceneViewport::OnFocusLost() reason 0
[2019.01.14-02.48.46:060][ 17]LogSlate: Window '메시지 로그' being destroyed
[2019.01.14-02.48.46:064][ 17]LogSlate: Window '메시지 로그' being destroyed
[2019.01.14-02.48.47:680][ 54]LogSlate: Took 0.000189 seconds to synchronously load lazily loaded font '../../../Engine/Content/Slate/Fonts/Roboto-Light.ttf' (167K)
[2019.01.14-02.48.47:690][ 54]LogLinker: Warning: '/Game/Levels/BountyDashMap_BuiltData' 파일을 찾을 수 없습니다.
[2019.01.14-02.48.47:690][ 54]LogLinker: Warning: C:/Users/user/Documents/Unreal Projects/BountyDash/Content/Levels/BountyDashMap.umap 로드중 '/Game/Levels/BountyDashMap_BuiltData' 애셋에 대한 파일을 찾을 수 없습니다.
[2019.01.14-02.48.47:690][ 54]LoadErrors: Error: /Game/Levels/BountyDashMap : 애셋에 대한 파일을 찾을 수 없습니다. /Game/Levels/BountyDashMap_BuiltData
[2019.01.14-02.48.47:692][ 54]LogLinker: Warning: '/Game/Levels/BountyDashMap_BuiltData' 파일을 찾을 수 없습니다.
[2019.01.14-02.48.47:692][ 54]LogLinker: Warning: C:/Users/user/Documents/Unreal Projects/BountyDash/Content/Levels/BountyDashMap.umap 로드중 '/Game/Levels/BountyDashMap_BuiltData' 애셋에 대한 파일을 찾을 수 없습니다.
[2019.01.14-02.48.47:693][ 54]LogLinker: Warning: '/Game/Levels/BountyDashMap_BuiltData' 파일을 찾을 수 없습니다.
[2019.01.14-02.48.47:693][ 54]LogLinker: Warning: NULL 로드중 '/Game/Levels/BountyDashMap_BuiltData' 애셋에 대한 파일을 찾을 수 없습니다.
[2019.01.14-02.48.47:693][ 54]LogLinker: Warning: '/Game/Levels/BountyDashMap_BuiltData' 파일을 찾을 수 없습니다.
[2019.01.14-02.48.47:693][ 54]LogLinker: Warning: NULL 로드중 '/Game/Levels/BountyDashMap_BuiltData' 애셋에 대한 파일을 찾을 수 없습니다.
[2019.01.14-02.48.47:697][ 54]LogLinker: Warning: '/Game/Levels/BountyDashMap_BuiltData' 파일을 찾을 수 없습니다.
[2019.01.14-02.48.47:697][ 54]LoadErrors: 로드에 실패했습니다. /Game/Levels/BountyDashMap_BuiltData.BountyDashMap_BuiltData 레퍼런싱한 것: PersistentLevel
[2019.01.14-02.48.47:697][ 54]LogLinker: Warning: NULL 로드중 '/Game/Levels/BountyDashMap_BuiltData' 애셋에 대한 파일을 찾을 수 없습니다.
[2019.01.14-02.48.47:700][ 54]LogAIModule: Creating AISystem for world BountyDashMap
[2019.01.14-02.48.47:703][ 54]LogAssetEditorManager: Opening Asset editor for World /Game/Levels/BountyDashMap.BountyDashMap
[2019.01.14-02.48.47:725][ 54]Cmd: MAP LOAD FILE="C:/Users/user/Documents/Unreal Projects/BountyDash/Content/Levels/BountyDashMap.umap" TEMPLATE=0 SHOWPROGRESS=1 FEATURELEVEL=3
[2019.01.14-02.48.47:725][ 54]LightingResults: New page: 라이팅 빌드
[2019.01.14-02.48.47:725][ 54]LoadErrors: New page: 맵 로드중: BountyDashMap.umap
[2019.01.14-02.48.47:726][ 54]MapCheck: New page: 맵 체크
[2019.01.14-02.48.47:726][ 54]LightingResults: New page: 라이팅 빌드
[2019.01.14-02.48.47:787][ 54]LogEditorServer: Finished looking for orphan Actors (0.000 secs)
[2019.01.14-02.48.47:847][ 54]Cmd: MAP CHECKDEP NOCLEARLOG
[2019.01.14-02.48.47:848][ 54]MapCheck: 맵 체크 완료: 오류 0 회, 경고 0 회, 소요 시간 0.447ms.
[2019.01.14-02.48.47:848][ 54]LogFileHelpers: Loading map 'BountyDashMap' took 0.124
[2019.01.14-02.48.47:912][ 55]LogSlate: Took 0.002220 seconds to synchronously load lazily loaded font '../../../Engine/Content/Slate/Fonts/../../Editor/Slate/Fonts/NanumGothic.ttf' (4243K)
[2019.01.14-02.48.50:139][320]MapCheck: New page: 맵 체크
[2019.01.14-02.48.50:149][320]Cmd: MAP REBUILD ALLVISIBLE
[2019.01.14-02.48.50:149][320]LogEditorServer: Rebuildmap Clear paths rebuilt
[2019.01.14-02.48.50:227][320]LogMaterial: Display: Missing cached shader map for material FDebugViewModeMaterialProxy DefaultMaterial, compiling. 
[2019.01.14-02.48.50:234][320]LogMaterial: Display: Missing cached shader map for material FDebugViewModeMaterialProxy MaterialInstanceDynamic_0, compiling. 
[2019.01.14-02.48.50:673][320]LogShaderCompilers: Display: Shaders left to compile 2
[2019.01.14-02.48.50:674][320]LogShaderCompilers: Display: Shaders left to compile 1
[2019.01.14-02.48.50:674][320]TextureStreamingBuild: Display: Compiling optional shaders took 0.452 seconds.
[2019.01.14-02.48.50:693][320]LogLevel: Display: Export Material TexCoord Scales took 0.021 seconds.
[2019.01.14-02.48.50:707][320]TextureStreamingBuild: Display: Build Texture Streaming took 0.013 seconds.
[2019.01.14-02.48.50:737][320]LightingResults: New page: 라이팅 빌드 - 2019. 1. 14. 오후 8:48:50
[2019.01.14-02.48.50:766][320]LogSwarmInterface: [OpenConnection] Registering TCP channel ...
[2019.01.14-02.48.50:910][320]LogSwarmInterface: [OpenConnection] Connecting to agent ...
[2019.01.14-02.48.50:940][320]LogSwarmInterface: [TryOpenConnection] Testing the Agent
[2019.01.14-02.48.51:447][320]LogSwarmInterface: [TryOpenConnection] Opening Connection to Agent
[2019.01.14-02.48.51:447][320]LogSwarmInterface: [TryOpenConnection] Local Process ID is 10784
[2019.01.14-02.48.55:927][320]LogStaticLightingSystem: Warning: No importance volume found, so the scene bounding box was used.  You can optimize your scene's quality and lighting build times by adding importance volumes.
[2019.01.14-02.48.55:927][320]LogStaticLightingSystem: Running Lightmass w/ ImmediateImport mode ENABLED
[2019.01.14-02.48.55:927][320]LogStaticLightingSystem: Running Lightmass w/ ImmediateProcess mode ENABLED
[2019.01.14-02.48.55:927][320]LogStaticLightingSystem: Running Lightmass w/ Sorting mode ENABLED
[2019.01.14-02.48.55:927][320]LogStaticLightingSystem: Running Lightmass w/ Mapping paddings ENABLED
[2019.01.14-02.48.55:927][320]LogStaticLightingSystem: Running Lightmass w/ Mapping debug paddings DISABLED
[2019.01.14-02.48.56:133][320]Cmd: MAP CHECK DONTDISPLAYDIALOG
[2019.01.14-02.48.56:133][320]MapCheck: New page: BountyDashMap - 2019. 1. 14. 오후 8:48:56
[2019.01.14-02.48.56:137][320]MapCheck: Error: WorldSettings_1 맵 라이팅을 리빌드해야 합니다. 
[2019.01.14-02.48.56:137][320]MapCheck: 맵 체크 완료: 오류 1 회, 경고 0 회, 소요 시간 3.912ms.
[2019.01.14-02.48.56:161][320]LogEditorBuildUtils: Build time 0:06
[2019.01.14-02.48.56:196][320]LogMaterial: Display: Missing cached shader map for material FLightmassMaterialRenderer DefaultMaterial, compiling. 
[2019.01.14-02.48.56:213][320]LogShaderCompilers: Display: Shaders left to compile 2
[2019.01.14-02.48.56:214][320]LogMaterial: Display: Missing cached shader map for material FLightmassMaterialRenderer DefaultMaterial, compiling. 
[2019.01.14-02.48.56:234][320]LogShaderCompilers: Display: Shaders left to compile 2
[2019.01.14-02.48.58:142][422]Job is a success!
[2019.01.14-02.48.58:189][423]LogVolumetricLightmapImport: Imported Volumetric Lightmap in 0.011s
[2019.01.14-02.48.58:189][423]LogVolumetricLightmapImport:      Indirection Texture 16x16x16 = 0.0Mb
[2019.01.14-02.48.58:189][423]LogVolumetricLightmapImport:      BrickData 30x5x5 = 0.0Mb
[2019.01.14-02.48.58:189][423]LogVolumetricLightmapImport:      Bricks at Level
[2019.01.14-02.48.58:189][423]LogVolumetricLightmapImport:          0: 16.7% covering 100.0% of volume
[2019.01.14-02.48.58:189][423]LogVolumetricLightmapImport:          1: 16.7% covering 1.6% of volume
[2019.01.14-02.48.58:189][423]LogVolumetricLightmapImport:          2: 66.7% covering 0.1% of volume
[2019.01.14-02.48.58:265][423]LogTexture: Display: 텍스처 빌드: LQ_Lightmap_0_1 (DXT1, 256X256)
[2019.01.14-02.48.58:265][423]LogTexture: Display: 텍스처 빌드: HQ_Lightmap0_1 (AutoDXT, 256X256)
[2019.01.14-02.48.58:265][423]LogTexture: Display: 텍스처 빌드: HQ_Lightmap0_2 (AutoDXT, 64X64)
[2019.01.14-02.48.58:265][423]LogTexture: Display: 텍스처 빌드: LQ_Lightmap_0_2 (DXT1, 64X64)
[2019.01.14-02.48.58:265][423]LogTexture: Display: 텍스처 빌드: ShadowMapTexture2D_1 (G8, 32X32)
[2019.01.14-02.48.58:265][423]LogTexture: Display: 텍스처 빌드: ShadowMapTexture2D_0 (G8, 128X128)
[2019.01.14-02.48.58:310][423]Lightmass on DESKTOP-RQ4MHCV: 848 ms total, 136 ms importing, 33 ms setup, 233 ms photons, 388 ms processing, 0 ms extra exporting [2/2 mappings]. Threads: 1.87 sec total, 102 ms processing.
[2019.01.14-02.48.58:316][423]LogStaticLightingSystem: Illumination: 7.56 sec (37 ms encoding lightmaps, 30 ms encoding shadowmaps)
[2019.01.14-02.48.58:316][423]LogStaticLightingSystem: Lightmap texture memory:  0.1 MB (0.1 MB streaming, 0.0 MB non-streaming), 4 textures
[2019.01.14-02.48.58:316][423]LogStaticLightingSystem: Shadowmap texture memory: 0.0 MB (0.0 MB streaming, 0.0 MB non-streaming), 2 textures
[2019.01.14-02.48.58:933][423]DumpUnbuiltLightIteractions
[2019.01.14-02.48.58:934][423]Lights with unbuilt interactions: 0
[2019.01.14-02.48.58:934][423]
[2019.01.14-02.48.58:934][423]Primitives with unbuilt interactions: 0
[2019.01.14-02.48.58:987][424]Cmd: MAP CHECK NOTIFYRESULTS
[2019.01.14-02.48.58:987][424]MapCheck: New page: BountyDashMap - 2019. 1. 14. 오후 8:48:58
[2019.01.14-02.48.58:988][424]MapCheck: 맵 체크 완료: 오류 0 회, 경고 0 회, 소요 시간 0.443ms.
[2019.01.14-02.58.48:506][187]LogSavePackage: Moving 'C:/Users/user/Documents/Unreal Projects/BountyDash/Saved/BountyDashMap_Auto1EB4861EA4CF3CA95A808E388BF3CE5E0.tmp' to 'C:/Users/user/Documents/Unreal Projects/BountyDash/Saved/Autosaves/Game/Levels/BountyDashMap_Auto1.umap'
[2019.01.14-02.58.48:511][187]LogFileHelpers: Editor autosave (incl. sublevels) for '/Game/Levels/BountyDashMap' took 0.115
[2019.01.14-02.58.48:511][187]LogFileHelpers: Editor autosave (incl. sublevels) for all levels took 0.115
[2019.01.14-03.08.48:713][619]LogFileHelpers: Editor autosave (incl. sublevels) for '/Game/Levels/BountyDashMap' took 0.019
[2019.01.14-03.18.53:463][419]LogFileHelpers: Editor autosave (incl. sublevels) for '/Game/Levels/BountyDashMap' took 0.018
